#
# A fatal error has been detected by the Java Runtime Environment:
#
#  SIGSEGV (0xb) at pc=0x000000010c8adde8, pid=698, tid=19203
#
# JRE version: Java(TM) SE Runtime Environment (7.0_45-b18) (build 1.7.0_45-b18)
# Java VM: Java HotSpot(TM) 64-Bit Server VM (24.45-b08 mixed mode bsd-amd64 compressed oops)
# Problematic frame:
# V  [libjvm.dylib+0x2adde8]  java_lang_String::length(oopDesc*)+0x54
#
# Failed to write core dump. Core dumps have been disabled. To enable core dumping, try "ulimit -c unlimited" before starting Java again
#
# If you would like to submit a bug report, please visit:
#   http://bugreport.sun.com/bugreport/crash.jsp
#

---------------  T H R E A D  ---------------

Current thread (0x00007faf9b00a800):  JavaThread "JDWP Transport Listener: dt_socket" daemon [_thread_in_vm, id=19203, stack(0x0000700000f47000,0x0000700001047000)]

siginfo:si_signo=SIGSEGV: si_errno=0, si_code=1 (SEGV_MAPERR), si_addr=0x000000000000000c

Registers:
RAX=0x0000000000000000, RBX=0x00000007aaae7420, RCX=0x000000000000000c, RDX=0x0000000000000000
RSP=0x0000700001046a10, RBP=0x0000700001046a10, RSI=0x00007faf9a9109f8, RDI=0x00000007aaae7420
R8 =0x0000000000000000, R9 =0x00000000fffffff0, R10=0x000000010b344e18, R11=0xfffff05067945a40
R12=0x00007faf9b00a800, R13=0x00007faf99711f80, R14=0x0000000000000000, R15=0x0000000000000000
RIP=0x000000010c8adde8, EFLAGS=0x0000000000010202, ERR=0x0000000000000004
  TRAPNO=0x000000000000000e

Top of Stack: (sp=0x0000700001046a10)
0x0000700001046a10:   0000700001046a40 000000010c8dd59a
0x0000700001046a20:   0000000000000000 0000000000000000
0x0000700001046a30:   00000007aaae7420 00007faf9b00a9e8
0x0000700001046a40:   0000700001046ab0 000000010c904e48
0x0000700001046a50:   00007faf9b00a800 00007faf9b00a800
0x0000700001046a60:   0000000000000000 0000000000000000
0x0000700001046a70:   00007faf9b00a9e8 00007faf9b00a800
0x0000700001046a80:   00007faf9b00a800 0000700001046b08
0x0000700001046a90:   00007faf9a9109f8 00007faf99711f80
0x0000700001046aa0:   0000700001046c90 00007faf9b00a9e8
0x0000700001046ab0:   0000700001046ae0 000000010d05a52e
0x0000700001046ac0:   0000700001046c90 000000010d07adc0
0x0000700001046ad0:   0000700001046b08 000000010d086578
0x0000700001046ae0:   0000700001046d00 000000010d0616b2
0x0000700001046af0:   0000074800000013 0000000000010a00
0x0000700001046b00:   00007faf99701030 0000700001046b58
0x0000700001046b10:   00007faf0000012c 0000700001046b20
0x0000700001046b20:   0000000000000000 0000700001046b58
0x0000700001046b30:   0000000000000000 0000000000000000
0x0000700001046b40:   0000074800000013 00007fff0000a380
0x0000700001046b50:   0000700001046b58 6e69616d04000000
0x0000700001046b60:   4200000000000000 000000000a000000
0x0000700001046b70:   c000000000000000 0400000000000000
0x0000700001046b80:   00000000090c0000 c100000009000000
0x0000700001046b90:   0d00000000000000 00000000c2000000
0x0000700001046ba0:   c400000016000000 1a00000000000000
0x0000700001046bb0:   00000000c5000000 c800000023000000
0x0000700001046bc0:   2b00000000000000 00000000c9000000
0x0000700001046bd0:   cb00000036000000 4200000000000000
0x0000700001046be0:   99af7f00cc000000 650e000000881143
0x0000700001046bf0:   706143657275736e 0000007974696361
0x0000700001046c00:   0000005629492804 7f00000100000000 

Instructions: (pc=0x000000010c8adde8)
0x000000010c8addc8:   eb 16 48 8d 35 ef 27 4c 00 8a 4e 08 48 d3 e2 48
0x000000010c8addd8:   03 16 eb 04 48 8b 14 0f 84 c0 0f 94 c0 0f b6 c0
0x000000010c8adde8:   8b 44 82 0c 5d c3 8b 04 07 5d c3 90 55 48 89 e5
0x000000010c8addf8:   f6 87 8d 00 00 00 02 75 04 31 ff eb 23 48 63 87 

Register to memory mapping:

RAX=0x0000000000000000 is an unknown value
RBX=0x00000007aaae7420 is an oop
java.lang.String 
 - klass: 'java/lang/String'
RCX=0x000000000000000c is an unknown value
RDX=0x0000000000000000 is an unknown value
RSP=0x0000700001046a10 is pointing into the stack for thread: 0x00007faf9b00a800
RBP=0x0000700001046a10 is pointing into the stack for thread: 0x00007faf9b00a800
RSI=0x00007faf9a9109f8 is a global jni handle
RDI=0x00000007aaae7420 is an oop
java.lang.String 
 - klass: 'java/lang/String'
R8 =0x0000000000000000 is an unknown value
R9 =0x00000000fffffff0 is an unknown value
R10=0x000000010b344e18 is an unknown value
R11=0xfffff05067945a40 is an unknown value
R12=0x00007faf9b00a800 is a thread
R13=0x00007faf99711f80 is an unknown value
R14=0x0000000000000000 is an unknown value
R15=0x0000000000000000 is an unknown value


Stack: [0x0000700000f47000,0x0000700001047000],  sp=0x0000700001046a10,  free space=1022k
Native frames: (J=compiled Java code, j=interpreted, Vv=VM code, C=native code)
V  [libjvm.dylib+0x2adde8]  java_lang_String::length(oopDesc*)+0x54
V  [libjvm.dylib+0x2dd59a]  java_lang_String::utf8_length(oopDesc*)+0x38
V  [libjvm.dylib+0x304e48]  jni_GetStringUTFChars+0x71
C  [libjdwp.dylib+0x752e]  value+0x96
C  [libjdwp.dylib+0xe6b2]  debugLoop_run+0x1ce
C  [libjdwp.dylib+0x1f132]  attachThread+0x4d
V  [libjvm.dylib+0x37417e]  JvmtiAgentThread::call_start_function()+0x38
V  [libjvm.dylib+0x4efb47]  JavaThread::thread_main_inner()+0x9b
V  [libjvm.dylib+0x4f124f]  JavaThread::run()+0x1a3
V  [libjvm.dylib+0x41b1c6]  java_start(Thread*)+0x126
C  [libsystem_pthread.dylib+0x3c13]  _pthread_body+0x83
C  [libsystem_pthread.dylib+0x3b90]  _pthread_body+0x0
C  [libsystem_pthread.dylib+0x1375]  thread_start+0xd


---------------  P R O C E S S  ---------------

Java Threads: ( => current thread )
  0x00007faf9c009000 JavaThread "Service Thread" daemon [_thread_blocked, id=21763, stack(0x0000700001456000,0x0000700001556000)]
  0x00007faf9a021000 JavaThread "C2 CompilerThread1" daemon [_thread_blocked, id=21251, stack(0x0000700001353000,0x0000700001453000)]
  0x00007faf9985d800 JavaThread "C2 CompilerThread0" daemon [_thread_blocked, id=20739, stack(0x0000700001250000,0x0000700001350000)]
  0x00007faf9c006000 JavaThread "JDWP Command Reader" daemon [_thread_in_native, id=20227, stack(0x000070000114d000,0x000070000124d000)]
  0x00007faf9a021800 JavaThread "JDWP Event Helper Thread" daemon [_thread_blocked, id=19715, stack(0x000070000104a000,0x000070000114a000)]
=>0x00007faf9b00a800 JavaThread "JDWP Transport Listener: dt_socket" daemon [_thread_in_vm, id=19203, stack(0x0000700000f47000,0x0000700001047000)]
  0x00007faf9a001800 JavaThread "Signal Dispatcher" daemon [_thread_blocked, id=14867, stack(0x0000700000e44000,0x0000700000f44000)]
  0x00007faf9a001000 JavaThread "Finalizer" daemon [_thread_blocked, id=14339, stack(0x0000700000c3b000,0x0000700000d3b000)]
  0x00007faf9b011000 JavaThread "Reference Handler" daemon [_thread_blocked, id=13827, stack(0x0000700000b38000,0x0000700000c38000)]
  0x00007faf9b000800 JavaThread "main" [_thread_blocked, id=5891, stack(0x000070000011a000,0x000070000021a000)]

Other Threads:
  0x00007faf9c003800 VMThread [stack: 0x0000700000a35000,0x0000700000b35000] [id=13315]
  0x00007faf9c00a000 WatcherThread [stack: 0x0000700001559000,0x0000700001659000] [id=22275]

VM state:not at safepoint (normal execution)

VM Mutex/Monitor currently owned by a thread: None

Heap
 PSYoungGen      total 76800K, used 2642K [0x00000007aaa80000, 0x00000007b0000000, 0x0000000800000000)
  eden space 66048K, 4% used [0x00000007aaa80000,0x00000007aad14828,0x00000007aeb00000)
  from space 10752K, 0% used [0x00000007af580000,0x00000007af580000,0x00000007b0000000)
  to   space 10752K, 0% used [0x00000007aeb00000,0x00000007aeb00000,0x00000007af580000)
 ParOldGen       total 174592K, used 0K [0x0000000700000000, 0x000000070aa80000, 0x00000007aaa80000)
  object space 174592K, 0% used [0x0000000700000000,0x0000000700000000,0x000000070aa80000)
 PSPermGen       total 21504K, used 2580K [0x00000006fae00000, 0x00000006fc300000, 0x0000000700000000)
  object space 21504K, 12% used [0x00000006fae00000,0x00000006fb085268,0x00000006fc300000)

Card table byte_map: [0x0000000110150000,0x000000011097a000] byte_map_base: 0x000000010c979000

Polling page: 0x000000010b5e2000

Code Cache  [0x000000010d090000, 0x000000010d300000, 0x0000000110090000)
 total_blobs=158 nmethods=0 adapters=136 free_code_cache=48776Kb largest_free_block=49947008

Compilation events (0 events):
No events

GC Heap History (0 events):
No events

Deoptimization events (0 events):
No events

Internal exceptions (6 events):
Event: 0.040 Thread 0x00007faf9b000800 Threw 0x00000007aaa90658 at /HUDSON/workspace/7u-2-build-macosx-x86_64/jdk7u45/229/hotspot/src/share/vm/prims/jni.cpp:3991
Event: 0.192 Thread 0x00007faf9b000800 Threw 0x00000007aaad9c28 at /HUDSON/workspace/7u-2-build-macosx-x86_64/jdk7u45/229/hotspot/src/share/vm/prims/jvm.cpp:1244
Event: 0.195 Thread 0x00007faf9b000800 Threw 0x00000007aaadf930 at /HUDSON/workspace/7u-2-build-macosx-x86_64/jdk7u45/229/hotspot/src/share/vm/prims/jvm.cpp:1244
Event: 0.209 Thread 0x00007faf9b000800 Threw 0x00000007aaae17a0 at /HUDSON/workspace/7u-2-build-macosx-x86_64/jdk7u45/229/hotspot/src/share/vm/prims/jvm.cpp:1244
Event: 0.210 Thread 0x00007faf9b000800 Threw 0x00000007aaae35f0 at /HUDSON/workspace/7u-2-build-macosx-x86_64/jdk7u45/229/hotspot/src/share/vm/prims/jvm.cpp:1244
Event: 0.214 Thread 0x00007faf9b000800 Threw 0x00000007aaae5398 at /HUDSON/workspace/7u-2-build-macosx-x86_64/jdk7u45/229/hotspot/src/share/vm/prims/jvm.cpp:1244

Events (10 events):
Event: 163.496 Executing VM operation: GetCurrentLocation
Event: 163.496 Executing VM operation: GetCurrentLocation done
Event: 163.496 Executing VM operation: ChangeSingleStep
Event: 163.496 Executing VM operation: ChangeSingleStep done
Event: 163.497 Executing VM operation: ChangeSingleStep
Event: 163.497 Executing VM operation: ChangeSingleStep done
Event: 163.546 Executing VM operation: GetOrSetLocal
Event: 163.546 Executing VM operation: GetOrSetLocal done
Event: 163.669 Executing VM operation: GetOrSetLocal
Event: 163.669 Executing VM operation: GetOrSetLocal done


Dynamic libraries:
0x00000000090db000 	/System/Library/Frameworks/Cocoa.framework/Versions/A/Cocoa
0x00000000090db000 	/System/Library/Frameworks/Security.framework/Versions/A/Security
0x00000000090db000 	/System/Library/Frameworks/ApplicationServices.framework/Versions/A/ApplicationServices
0x00000000090db000 	/usr/lib/libz.1.dylib
0x00000000090db000 	/usr/lib/libSystem.B.dylib
0x00000000090db000 	/usr/lib/libobjc.A.dylib
0x00000000090db000 	/System/Library/Frameworks/CoreFoundation.framework/Versions/A/CoreFoundation
0x00000000090db000 	/System/Library/Frameworks/Foundation.framework/Versions/C/Foundation
0x00000000090db000 	/System/Library/Frameworks/AppKit.framework/Versions/C/AppKit
0x00000000090db000 	/System/Library/Frameworks/CoreData.framework/Versions/A/CoreData
0x00000000090db000 	/System/Library/PrivateFrameworks/RemoteViewServices.framework/Versions/A/RemoteViewServices
0x00000000090db000 	/System/Library/PrivateFrameworks/UIFoundation.framework/Versions/A/UIFoundation
0x00000000090db000 	/usr/lib/libScreenReader.dylib
0x00000000090db000 	/System/Library/Frameworks/Accelerate.framework/Versions/A/Accelerate
0x00000000090db000 	/System/Library/Frameworks/IOSurface.framework/Versions/A/IOSurface
0x00000000090db000 	/System/Library/Frameworks/AudioToolbox.framework/Versions/A/AudioToolbox
0x00000000090db000 	/System/Library/Frameworks/AudioUnit.framework/Versions/A/AudioUnit
0x00000000090db000 	/System/Library/PrivateFrameworks/DataDetectorsCore.framework/Versions/A/DataDetectorsCore
0x00000000090db000 	/System/Library/PrivateFrameworks/DesktopServicesPriv.framework/Versions/A/DesktopServicesPriv
0x00000000090db000 	/System/Library/Frameworks/Carbon.framework/Versions/A/Frameworks/HIToolbox.framework/Versions/A/HIToolbox
0x00000000090db000 	/System/Library/Frameworks/QuartzCore.framework/Versions/A/QuartzCore
0x00000000090db000 	/System/Library/Frameworks/Carbon.framework/Versions/A/Frameworks/SpeechRecognition.framework/Versions/A/SpeechRecognition
0x00000000090db000 	/usr/lib/libauto.dylib
0x00000000090db000 	/usr/lib/libicucore.A.dylib
0x00000000090db000 	/usr/lib/libxml2.2.dylib
0x00000000090db000 	/System/Library/PrivateFrameworks/CoreUI.framework/Versions/A/CoreUI
0x00000000090db000 	/System/Library/Frameworks/CoreAudio.framework/Versions/A/CoreAudio
0x00000000090db000 	/System/Library/Frameworks/DiskArbitration.framework/Versions/A/DiskArbitration
0x00000000090db000 	/usr/lib/liblangid.dylib
0x00000000090db000 	/System/Library/PrivateFrameworks/MultitouchSupport.framework/Versions/A/MultitouchSupport
0x00000000090db000 	/System/Library/Frameworks/IOKit.framework/Versions/A/IOKit
0x00000000090db000 	/usr/lib/libDiagnosticMessagesClient.dylib
0x00000000090db000 	/System/Library/Frameworks/CoreServices.framework/Versions/A/CoreServices
0x00000000090db000 	/System/Library/PrivateFrameworks/PerformanceAnalysis.framework/Versions/A/PerformanceAnalysis
0x00000000090db000 	/System/Library/PrivateFrameworks/GenerationalStorage.framework/Versions/A/GenerationalStorage
0x00000000090db000 	/System/Library/Frameworks/OpenGL.framework/Versions/A/OpenGL
0x00000000090db000 	/System/Library/PrivateFrameworks/Sharing.framework/Versions/A/Sharing
0x00000000090db000 	/System/Library/Frameworks/CoreGraphics.framework/Versions/A/CoreGraphics
0x00000000090db000 	/System/Library/Frameworks/CoreImage.framework/Versions/A/CoreImage
0x00000000090db000 	/System/Library/Frameworks/CoreText.framework/Versions/A/CoreText
0x00000000090db000 	/System/Library/Frameworks/ImageIO.framework/Versions/A/ImageIO
0x00000000090db000 	/System/Library/PrivateFrameworks/Backup.framework/Versions/A/Backup
0x00000000090db000 	/usr/lib/libextension.dylib
0x00000000090db000 	/usr/lib/libarchive.2.dylib
0x00000000090db000 	/System/Library/Frameworks/CFNetwork.framework/Versions/A/CFNetwork
0x00000000090db000 	/System/Library/Frameworks/SystemConfiguration.framework/Versions/A/SystemConfiguration
0x00000000090db000 	/usr/lib/libCRFSuite.dylib
0x00000000090db000 	/usr/lib/libc++.1.dylib
0x00000000090db000 	/usr/lib/libc++abi.dylib
0x00000000090db000 	/usr/lib/system/libcache.dylib
0x00000000090db000 	/usr/lib/system/libcommonCrypto.dylib
0x00000000090db000 	/usr/lib/system/libcompiler_rt.dylib
0x00000000090db000 	/usr/lib/system/libcopyfile.dylib
0x00000000090db000 	/usr/lib/system/libcorecrypto.dylib
0x00000000090db000 	/usr/lib/system/libdispatch.dylib
0x00000000090db000 	/usr/lib/system/libdyld.dylib
0x00000000090db000 	/usr/lib/system/libkeymgr.dylib
0x00000000090db000 	/usr/lib/system/liblaunch.dylib
0x00000000090db000 	/usr/lib/system/libmacho.dylib
0x00000000090db000 	/usr/lib/system/libquarantine.dylib
0x00000000090db000 	/usr/lib/system/libremovefile.dylib
0x00000000090db000 	/usr/lib/system/libsystem_asl.dylib
0x00000000090db000 	/usr/lib/system/libsystem_blocks.dylib
0x00000000090db000 	/usr/lib/system/libsystem_c.dylib
0x00000000090db000 	/usr/lib/system/libsystem_configuration.dylib
0x00000000090db000 	/usr/lib/system/libsystem_coreservices.dylib
0x00000000090db000 	/usr/lib/system/libsystem_coretls.dylib
0x00000000090db000 	/usr/lib/system/libsystem_dnssd.dylib
0x00000000090db000 	/usr/lib/system/libsystem_info.dylib
0x00000000090db000 	/usr/lib/system/libsystem_kernel.dylib
0x00000000090db000 	/usr/lib/system/libsystem_m.dylib
0x00000000090db000 	/usr/lib/system/libsystem_malloc.dylib
0x00000000090db000 	/usr/lib/system/libsystem_network.dylib
0x00000000090db000 	/usr/lib/system/libsystem_networkextension.dylib
0x00000000090db000 	/usr/lib/system/libsystem_notify.dylib
0x00000000090db000 	/usr/lib/system/libsystem_platform.dylib
0x00000000090db000 	/usr/lib/system/libsystem_pthread.dylib
0x00000000090db000 	/usr/lib/system/libsystem_sandbox.dylib
0x00000000090db000 	/usr/lib/system/libsystem_secinit.dylib
0x00000000090db000 	/usr/lib/system/libsystem_trace.dylib
0x00000000090db000 	/usr/lib/system/libunc.dylib
0x00000000090db000 	/usr/lib/system/libunwind.dylib
0x00000000090db000 	/usr/lib/system/libxpc.dylib
0x00000000090db000 	/usr/lib/libenergytrace.dylib
0x00000000090db000 	/usr/lib/libbsm.0.dylib
0x00000000090db000 	/usr/lib/system/libkxld.dylib
0x00000000090db000 	/usr/lib/libxar.1.dylib
0x00000000090db000 	/usr/lib/libsqlite3.dylib
0x00000000090db000 	/usr/lib/libpam.2.dylib
0x00000000090db000 	/usr/lib/libOpenScriptingUtil.dylib
0x00000000090db000 	/usr/lib/libbz2.1.0.dylib
0x00000000090db000 	/usr/lib/liblzma.5.dylib
0x00000000090db000 	/System/Library/Frameworks/CoreServices.framework/Versions/A/Frameworks/FSEvents.framework/Versions/A/FSEvents
0x00000000090db000 	/System/Library/Frameworks/CoreServices.framework/Versions/A/Frameworks/CarbonCore.framework/Versions/A/CarbonCore
0x00000000090db000 	/System/Library/Frameworks/CoreServices.framework/Versions/A/Frameworks/Metadata.framework/Versions/A/Metadata
0x00000000090db000 	/System/Library/Frameworks/CoreServices.framework/Versions/A/Frameworks/OSServices.framework/Versions/A/OSServices
0x00000000090db000 	/System/Library/Frameworks/CoreServices.framework/Versions/A/Frameworks/SearchKit.framework/Versions/A/SearchKit
0x00000000090db000 	/System/Library/Frameworks/CoreServices.framework/Versions/A/Frameworks/AE.framework/Versions/A/AE
0x00000000090db000 	/System/Library/Frameworks/CoreServices.framework/Versions/A/Frameworks/LaunchServices.framework/Versions/A/LaunchServices
0x00000000090db000 	/System/Library/Frameworks/CoreServices.framework/Versions/A/Frameworks/DictionaryServices.framework/Versions/A/DictionaryServices
0x00000000090db000 	/System/Library/Frameworks/CoreServices.framework/Versions/A/Frameworks/SharedFileList.framework/Versions/A/SharedFileList
0x00000000090db000 	/System/Library/Frameworks/NetFS.framework/Versions/A/NetFS
0x00000000090db000 	/System/Library/PrivateFrameworks/NetAuth.framework/Versions/A/NetAuth
0x00000000090db000 	/System/Library/PrivateFrameworks/login.framework/Versions/A/Frameworks/loginsupport.framework/Versions/A/loginsupport
0x00000000090db000 	/System/Library/PrivateFrameworks/TCC.framework/Versions/A/TCC
0x00000000090db000 	/usr/lib/libmecabra.dylib
0x00000000090db000 	/System/Library/Frameworks/ApplicationServices.framework/Versions/A/Frameworks/ATS.framework/Versions/A/ATS
0x00000000090db000 	/System/Library/Frameworks/ApplicationServices.framework/Versions/A/Frameworks/ColorSync.framework/Versions/A/ColorSync
0x00000000090db000 	/System/Library/Frameworks/ApplicationServices.framework/Versions/A/Frameworks/HIServices.framework/Versions/A/HIServices
0x00000000090db000 	/System/Library/Frameworks/ApplicationServices.framework/Versions/A/Frameworks/LangAnalysis.framework/Versions/A/LangAnalysis
0x00000000090db000 	/System/Library/Frameworks/ApplicationServices.framework/Versions/A/Frameworks/PrintCore.framework/Versions/A/PrintCore
0x00000000090db000 	/System/Library/Frameworks/ApplicationServices.framework/Versions/A/Frameworks/QD.framework/Versions/A/QD
0x00000000090db000 	/System/Library/Frameworks/ApplicationServices.framework/Versions/A/Frameworks/SpeechSynthesis.framework/Versions/A/SpeechSynthesis
0x00000000090db000 	/System/Library/Frameworks/Metal.framework/Versions/A/Metal
0x00000000090db000 	/System/Library/Frameworks/Accelerate.framework/Versions/A/Frameworks/vImage.framework/Versions/A/vImage
0x00000000090db000 	/System/Library/Frameworks/Accelerate.framework/Versions/A/Frameworks/vecLib.framework/Versions/A/vecLib
0x00000000090db000 	/System/Library/Frameworks/Accelerate.framework/Versions/A/Frameworks/vecLib.framework/Versions/A/libvDSP.dylib
0x00000000090db000 	/System/Library/Frameworks/Accelerate.framework/Versions/A/Frameworks/vecLib.framework/Versions/A/libvMisc.dylib
0x00000000090db000 	/System/Library/Frameworks/Accelerate.framework/Versions/A/Frameworks/vecLib.framework/Versions/A/libLAPACK.dylib
0x00000000090db000 	/System/Library/Frameworks/Accelerate.framework/Versions/A/Frameworks/vecLib.framework/Versions/A/libBLAS.dylib
0x00000000090db000 	/System/Library/Frameworks/Accelerate.framework/Versions/A/Frameworks/vecLib.framework/Versions/A/libLinearAlgebra.dylib
0x00000000090db000 	/System/Library/Frameworks/Accelerate.framework/Versions/A/Frameworks/vecLib.framework/Versions/A/libSparseBLAS.dylib
0x00000000090db000 	/System/Library/PrivateFrameworks/GPUCompiler.framework/libmetal_timestamp.dylib
0x00000000090db000 	/System/Library/Frameworks/OpenGL.framework/Versions/A/Libraries/libCoreFSCache.dylib
0x00000000090db000 	/System/Library/PrivateFrameworks/IOAccelerator.framework/Versions/A/IOAccelerator
0x00000000090db000 	/System/Library/Frameworks/ApplicationServices.framework/Versions/A/Frameworks/ATS.framework/Versions/A/Resources/libFontParser.dylib
0x00000000090db000 	/System/Library/Frameworks/ApplicationServices.framework/Versions/A/Frameworks/ATS.framework/Versions/A/Resources/libFontRegistry.dylib
0x00000000090db000 	/System/Library/PrivateFrameworks/AppleVPA.framework/Versions/A/AppleVPA
0x00000000090db000 	/System/Library/PrivateFrameworks/AppleJPEG.framework/Versions/A/AppleJPEG
0x00000000090db000 	/System/Library/Frameworks/ImageIO.framework/Versions/A/Resources/libJPEG.dylib
0x00000000090db000 	/System/Library/Frameworks/ImageIO.framework/Versions/A/Resources/libTIFF.dylib
0x00000000090db000 	/System/Library/Frameworks/ImageIO.framework/Versions/A/Resources/libPng.dylib
0x00000000090db000 	/System/Library/Frameworks/ImageIO.framework/Versions/A/Resources/libGIF.dylib
0x00000000090db000 	/System/Library/Frameworks/ImageIO.framework/Versions/A/Resources/libJP2.dylib
0x00000000090db000 	/System/Library/Frameworks/ImageIO.framework/Versions/A/Resources/libRadiance.dylib
0x00000000090db000 	/System/Library/Frameworks/CoreVideo.framework/Versions/A/CoreVideo
0x00000000090db000 	/System/Library/Frameworks/OpenGL.framework/Versions/A/Libraries/libGLU.dylib
0x00000000090db000 	/System/Library/Frameworks/OpenGL.framework/Versions/A/Libraries/libGFXShared.dylib
0x00000000090db000 	/System/Library/Frameworks/OpenGL.framework/Versions/A/Libraries/libGL.dylib
0x00000000090db000 	/System/Library/Frameworks/OpenGL.framework/Versions/A/Libraries/libGLImage.dylib
0x00000000090db000 	/System/Library/Frameworks/OpenGL.framework/Versions/A/Libraries/libCVMSPluginSupport.dylib
0x00000000090db000 	/System/Library/Frameworks/OpenGL.framework/Versions/A/Libraries/libCoreVMClient.dylib
0x00000000090db000 	/usr/lib/libcups.2.dylib
0x00000000090db000 	/System/Library/Frameworks/Kerberos.framework/Versions/A/Kerberos
0x00000000090db000 	/System/Library/Frameworks/GSS.framework/Versions/A/GSS
0x00000000090db000 	/usr/lib/libresolv.9.dylib
0x00000000090db000 	/usr/lib/libiconv.2.dylib
0x00000000090db000 	/System/Library/PrivateFrameworks/Heimdal.framework/Versions/A/Heimdal
0x00000000090db000 	/usr/lib/libheimdal-asn1.dylib
0x00000000090db000 	/System/Library/Frameworks/OpenDirectory.framework/Versions/A/OpenDirectory
0x00000000090db000 	/System/Library/PrivateFrameworks/CommonAuth.framework/Versions/A/CommonAuth
0x00000000090db000 	/System/Library/Frameworks/OpenDirectory.framework/Versions/A/Frameworks/CFOpenDirectory.framework/Versions/A/CFOpenDirectory
0x00000000090db000 	/System/Library/Frameworks/SecurityFoundation.framework/Versions/A/SecurityFoundation
0x00000000090db000 	/System/Library/PrivateFrameworks/LanguageModeling.framework/Versions/A/LanguageModeling
0x00000000090db000 	/usr/lib/libmarisa.dylib
0x00000000090db000 	/usr/lib/libChineseTokenizer.dylib
0x00000000090db000 	/usr/lib/libcmph.dylib
0x00000000090db000 	/usr/lib/libcompression.dylib
0x00000000090db000 	/System/Library/Frameworks/ServiceManagement.framework/Versions/A/ServiceManagement
0x00000000090db000 	/usr/lib/libxslt.1.dylib
0x00000000090db000 	/System/Library/Frameworks/Carbon.framework/Versions/A/Frameworks/Ink.framework/Versions/A/Ink
0x00000000090db000 	/usr/lib/libFosl_dynamic.dylib
0x00000000090db000 	/System/Library/PrivateFrameworks/FaceCore.framework/Versions/A/FaceCore
0x00000000090db000 	/System/Library/Frameworks/OpenCL.framework/Versions/A/OpenCL
0x00000000090db000 	/System/Library/PrivateFrameworks/CrashReporterSupport.framework/Versions/A/CrashReporterSupport
0x00000000090db000 	/System/Library/PrivateFrameworks/IconServices.framework/Versions/A/IconServices
0x00000000090db000 	/System/Library/PrivateFrameworks/Apple80211.framework/Versions/A/Apple80211
0x00000000090db000 	/System/Library/Frameworks/CoreWLAN.framework/Versions/A/CoreWLAN
0x00000000090db000 	/System/Library/Frameworks/IOBluetooth.framework/Versions/A/IOBluetooth
0x00000000090db000 	/System/Library/PrivateFrameworks/CoreWiFi.framework/Versions/A/CoreWiFi
0x00000000090db000 	/System/Library/Frameworks/CoreBluetooth.framework/Versions/A/CoreBluetooth
0x00000000090db000 	/System/Library/PrivateFrameworks/ChunkingLibrary.framework/Versions/A/ChunkingLibrary
0x00000000090db000 	/System/Library/PrivateFrameworks/DebugSymbols.framework/Versions/A/DebugSymbols
0x00000000090db000 	/System/Library/PrivateFrameworks/CoreSymbolication.framework/Versions/A/CoreSymbolication
0x00000000090db000 	/System/Library/PrivateFrameworks/Symbolication.framework/Versions/A/Symbolication
0x00000000090db000 	/System/Library/PrivateFrameworks/SpeechRecognitionCore.framework/Versions/A/SpeechRecognitionCore
0x000000010c600000 	/Library/Java/JavaVirtualMachines/jdk1.7.0_45.jdk/Contents/Home/jre/lib/server/libjvm.dylib
0x00000000090db000 	/usr/lib/libstdc++.6.dylib
0x000000010b5a5000 	/Library/Java/JavaVirtualMachines/jdk1.7.0_45.jdk/Contents/Home/jre/lib/libverify.dylib
0x000000010b5b2000 	/Library/Java/JavaVirtualMachines/jdk1.7.0_45.jdk/Contents/Home/jre/lib/libjava.dylib
0x000000010d053000 	/Library/Java/JavaVirtualMachines/jdk1.7.0_45.jdk/Contents/Home/jre/lib/libjdwp.dylib
0x000000010b5e3000 	/Library/Java/JavaVirtualMachines/jdk1.7.0_45.jdk/Contents/Home/jre/lib/libnpt.dylib
0x000000010b5f0000 	/Library/Java/JavaVirtualMachines/jdk1.7.0_45.jdk/Contents/Home/jre/lib/libzip.dylib
0x000000011b939000 	/System/Library/Frameworks/JavaVM.framework/Frameworks/JavaRuntimeSupport.framework/JavaRuntimeSupport
0x000000011b954000 	/System/Library/Frameworks/JavaVM.framework/Versions/A/Frameworks/JavaNativeFoundation.framework/Versions/A/JavaNativeFoundation
0x000000011b969000 	/System/Library/Frameworks/JavaVM.framework/Versions/A/JavaVM
0x00000000090db000 	/System/Library/Frameworks/Carbon.framework/Versions/A/Carbon
0x000000011b976000 	/System/Library/PrivateFrameworks/JavaLaunching.framework/Versions/A/JavaLaunching
0x00000000090db000 	/System/Library/Frameworks/Carbon.framework/Versions/A/Frameworks/CommonPanels.framework/Versions/A/CommonPanels
0x00000000090db000 	/System/Library/Frameworks/Carbon.framework/Versions/A/Frameworks/Help.framework/Versions/A/Help
0x00000000090db000 	/System/Library/Frameworks/Carbon.framework/Versions/A/Frameworks/ImageCapture.framework/Versions/A/ImageCapture
0x00000000090db000 	/System/Library/Frameworks/Carbon.framework/Versions/A/Frameworks/OpenScripting.framework/Versions/A/OpenScripting
0x00000000090db000 	/System/Library/Frameworks/Carbon.framework/Versions/A/Frameworks/Print.framework/Versions/A/Print
0x00000000090db000 	/System/Library/Frameworks/Carbon.framework/Versions/A/Frameworks/SecurityHI.framework/Versions/A/SecurityHI
0x000000011d293000 	/Library/Java/JavaVirtualMachines/jdk1.7.0_45.jdk/Contents/Home/jre/lib/libdt_socket.dylib

VM Arguments:
jvm_args: -agentlib:jdwp=transport=dt_socket,suspend=y,address=localhost:50053 -Dfile.encoding=UTF-8 
java_command: at.bals.dataGenerator.Main
Launcher Type: SUN_STANDARD

Environment Variables:
PATH=/usr/bin:/bin:/usr/sbin:/sbin
SHELL=/bin/bash
DISPLAY=/private/tmp/com.apple.launchd.IQSKxKjuKv/org.macosforge.xquartz:0

Signal Handlers:
SIGSEGV: [libjvm.dylib+0x525415], sa_mask[0]=0xfffefeff, sa_flags=0x00000043
SIGBUS: [libjvm.dylib+0x525415], sa_mask[0]=0xfffefeff, sa_flags=0x00000042
SIGFPE: [libjvm.dylib+0x41891a], sa_mask[0]=0xfffefeff, sa_flags=0x00000042
SIGPIPE: [libjvm.dylib+0x41891a], sa_mask[0]=0xfffefeff, sa_flags=0x00000042
SIGXFSZ: [libjvm.dylib+0x41891a], sa_mask[0]=0xfffefeff, sa_flags=0x00000042
SIGILL: [libjvm.dylib+0x41891a], sa_mask[0]=0xfffefeff, sa_flags=0x00000042
SIGUSR1: SIG_DFL, sa_mask[0]=0x00000000, sa_flags=0x00000000
SIGUSR2: [libjvm.dylib+0x41840c], sa_mask[0]=0x00000004, sa_flags=0x00000042
SIGHUP: [libjvm.dylib+0x41669b], sa_mask[0]=0xfffefeff, sa_flags=0x00000042
SIGINT: [libjvm.dylib+0x41669b], sa_mask[0]=0xfffefeff, sa_flags=0x00000042
SIGTERM: [libjvm.dylib+0x41669b], sa_mask[0]=0xfffefeff, sa_flags=0x00000042
SIGQUIT: [libjvm.dylib+0x41669b], sa_mask[0]=0xfffefeff, sa_flags=0x00000042


---------------  S Y S T E M  ---------------

OS:Bsduname:Darwin 15.2.0 Darwin Kernel Version 15.2.0: Fri Nov 13 19:56:56 PST 2015; root:xnu-3248.20.55~2/RELEASE_X86_64 x86_64
rlimit: STACK 8192k, CORE 0k, NPROC 709, NOFILE 10240, AS infinity
load average:1.31 1.41 1.48

CPU:total 8 (4 cores per cpu, 2 threads per core) family 6 model 58 stepping 9, cmov, cx8, fxsr, mmx, sse, sse2, sse3, ssse3, sse4.1, sse4.2, popcnt, avx, aes, erms, ht, tsc, tscinvbit, tscinv

Memory: 4k page, physical 16777216k(4194304k free)

/proc/meminfo:


vm_info: Java HotSpot(TM) 64-Bit Server VM (24.45-b08) for bsd-amd64 JRE (1.7.0_45-b18), built on Oct  8 2013 05:54:16 by "java_re" with gcc 4.2.1 (Based on Apple Inc. build 5658) (LLVM build 2336.11.00)

time: Fri Dec 18 11:10:33 2015
elapsed time: 164 seconds

