#
# A fatal error has been detected by the Java Runtime Environment:
#
#  SIGSEGV (0xb) at pc=0x00000001096fbf9d, pid=1185, tid=5891
#
# JRE version: Java(TM) SE Runtime Environment (7.0_45-b18) (build 1.7.0_45-b18)
# Java VM: Java HotSpot(TM) 64-Bit Server VM (24.45-b08 mixed mode bsd-amd64 compressed oops)
# Problematic frame:
# V  [libjvm.dylib+0x2fbf9d]  jni_IsInstanceOf+0x71
#
# Failed to write core dump. Core dumps have been disabled. To enable core dumping, try "ulimit -c unlimited" before starting Java again
#
# If you would like to submit a bug report, please visit:
#   http://bugreport.sun.com/bugreport/crash.jsp
#

---------------  T H R E A D  ---------------

Current thread (0x00007fb834802800):  JavaThread "main" [_thread_in_vm, id=5891, stack(0x000070000011a000,0x000070000021a000)]

siginfo:si_signo=SIGSEGV: si_errno=0, si_code=1 (SEGV_MAPERR), si_addr=0x0000000000000009

Registers:
RAX=0x00000006fb03e0f0, RBX=0x00007fb833e0fef0, RCX=0x0000000109c02c03, RDX=0x0000000000000001
RSP=0x00007000002189b0, RBP=0x00007000002189d0, RSI=0x0000000109b705c0, RDI=0x00000007aaad5c50
R8 =0x0000000000000320, R9 =0x0000000000000258, R10=0x00007fb833e19590, R11=0x00007fff7c0ab1b8
R12=0x00007fb8348029e8, R13=0x0000700000218ad8, R14=0x00000007aaaa8f58, R15=0x00007fb8348029e8
RIP=0x00000001096fbf9d, EFLAGS=0x0000000000010202, ERR=0x0000000000000004
  TRAPNO=0x000000000000000e

Top of Stack: (sp=0x00007000002189b0)
0x00007000002189b0:   00007fb834802800 00000007aaaa8f58
0x00007000002189c0:   00007fb8348029e8 00007fb834802800
0x00007000002189d0:   0000700000218a00 0000000109709288
0x00007000002189e0:   0000700000218a00 0000000000000000
0x00007000002189f0:   0000000000000000 0000000000000000
0x0000700000218a00:   0000700000218a90 000000011d30e22b
0x0000700000218a10:   0000700000218a68 0000006000218b60
0x0000700000218a20:   0000032000000258 0000014000000096
0x0000700000218a30:   0000700000218ba8 00007fb834802800
0x0000700000218a40:   0000700000218a80 00000001096d0fe7
0x0000700000218a50:   00007fb834802800 0000700000218ad0
0x0000700000218a60:   00007fb834802800 00000006fb1965e0
0x0000700000218a70:   0000000000000000 00000006fb1965d8
0x0000700000218a80:   0000700000218ba8 00007fb834802800
0x0000700000218a90:   0000700000218b38 0000000109e65698
0x0000700000218aa0:   0000000000000000 0000700000000000
0x0000700000218ab0:   0000700000000000 0000700000000000
0x0000700000218ac0:   0000700000218b60 0000000000000000
0x0000700000218ad0:   00000007aaaa8f58 0000700000218ad8
0x0000700000218ae0:   00000006fb0cdf56 0000700000218b28
0x0000700000218af0:   00000006fb0dba40 0000700000218af8
0x0000700000218b00:   00000006fb1965d8 0000700000218ba8
0x0000700000218b10:   00000006fb1c0100 0000000000000000
0x0000700000218b20:   00000006fb1965e0 0000000000000000
0x0000700000218b30:   0000700000218b58 0000700000218bf8
0x0000700000218b40:   0000000109e59233 0000000000000000
0x0000700000218b50:   0000000109e61cdb 0000000000000000
0x0000700000218b60:   00000007aacca0b0 0000000000000000
0x0000700000218b70:   0000000000000000 0000000000000000
0x0000700000218b80:   0000000000000000 0000000000000258
0x0000700000218b90:   0000000000000320 0000000000000096
0x0000700000218ba0:   0000000000000140 00000007aac396f8 

Instructions: (pc=0x00000001096fbf9d)
0x00000001096fbf7d:   c0 75 04 30 c0 eb 39 48 8d 0d 05 6d 50 00 80 39
0x00000001096fbf8d:   00 49 8b 16 74 15 48 8d 35 26 46 47 00 8a 4e 08
0x00000001096fbf9d:   8b 7a 08 48 d3 e7 48 03 3e eb 04 48 8b 7a 08 48
0x00000001096fbfad:   83 c7 10 48 89 c6 e8 20 be f3 ff 84 c0 0f 95 c0 

Register to memory mapping:

RAX=0x00000006fb03e0f0 is an oop
{instance class} 
 - klass: {other class}
RBX=0x00007fb833e0fef0 is a global jni handle
RCX=0x0000000109c02c03: G1LogLevel+0x3 in /Library/Java/JavaVirtualMachines/jdk1.7.0_45.jdk/Contents/Home/jre/lib/server/libjvm.dylib at 0x0000000109400000
RDX=0x0000000000000001 is an unknown value
RSP=0x00007000002189b0 is pointing into the stack for thread: 0x00007fb834802800
RBP=0x00007000002189d0 is pointing into the stack for thread: 0x00007fb834802800
RSI=0x0000000109b705c0: _ZN8Universe11_narrow_oopE+0 in /Library/Java/JavaVirtualMachines/jdk1.7.0_45.jdk/Contents/Home/jre/lib/server/libjvm.dylib at 0x0000000109400000
RDI=0x00000007aaad5c50 is an oop
java.lang.Class 
 - klass: 'java/lang/Class'
R8 =0x0000000000000320 is an unknown value
R9 =0x0000000000000258 is an unknown value
R10=0x00007fb833e19590 is an unknown value
R11=0x00007fff7c0ab1b8: OBJC_CLASS_$_NSAutoreleasePool+0 in /System/Library/Frameworks/Foundation.framework/Versions/C/Foundation at 0x00007fff993f4000
R12=0x00007fb8348029e8 is an unknown value
R13=0x0000700000218ad8 is pointing into the stack for thread: 0x00007fb834802800
R14=0x00000007aaaa8f58 is an oop
java.lang.Boolean 
 - klass: 'java/lang/Boolean'
R15=0x00007fb8348029e8 is an unknown value


Stack: [0x000070000011a000,0x000070000021a000],  sp=0x00007000002189b0,  free space=1018k
Native frames: (J=compiled Java code, j=interpreted, Vv=VM code, C=native code)
V  [libjvm.dylib+0x2fbf9d]  jni_IsInstanceOf+0x71
V  [libjvm.dylib+0x309288]  jni_GetDirectBufferAddress+0x60
C  [liblwjgl.jnilib+0xc22b]  Java_org_lwjgl_opengl_MacOSXDisplay_nCreateWindow+0x9b
j  org.lwjgl.opengl.MacOSXDisplay.nCreateWindow(IIIIZZZZLjava/nio/ByteBuffer;Ljava/nio/ByteBuffer;)Ljava/nio/ByteBuffer;+0
j  org.lwjgl.opengl.MacOSXDisplay.createWindow(Lorg/lwjgl/opengl/DrawableLWJGL;Lorg/lwjgl/opengl/DisplayMode;Ljava/awt/Canvas;II)V+120
j  org.lwjgl.opengl.Display.createWindow()V+71
j  org.lwjgl.opengl.Display.create(Lorg/lwjgl/opengl/PixelFormat;Lorg/lwjgl/opengl/Drawable;Lorg/lwjgl/opengl/ContextAttribs;)V+72
j  org.lwjgl.opengl.Display.create(Lorg/lwjgl/opengl/PixelFormat;)V+12
j  org.newdawn.slick.AppGameContainer.tryCreateDisplay(Lorg/lwjgl/opengl/PixelFormat;)V+7
j  org.newdawn.slick.AppGameContainer.access$000(Lorg/newdawn/slick/AppGameContainer;Lorg/lwjgl/opengl/PixelFormat;)V+2
j  org.newdawn.slick.AppGameContainer$2.run()Ljava/lang/Object;+36
v  ~StubRoutines::call_stub
V  [libjvm.dylib+0x2d6d90]  JavaCalls::call_helper(JavaValue*, methodHandle*, JavaCallArguments*, Thread*)+0x22a
V  [libjvm.dylib+0x2d6b60]  JavaCalls::call(JavaValue*, methodHandle, JavaCallArguments*, Thread*)+0x28
V  [libjvm.dylib+0x32a444]  JVM_DoPrivileged+0x411
j  java.security.AccessController.doPrivileged(Ljava/security/PrivilegedAction;)Ljava/lang/Object;+0
j  org.newdawn.slick.AppGameContainer.setup()V+112
j  org.newdawn.slick.AppGameContainer.start()V+1
j  at.bals.games.myGame.MyGame.main([Ljava/lang/String;)V+27
v  ~StubRoutines::call_stub
V  [libjvm.dylib+0x2d6d90]  JavaCalls::call_helper(JavaValue*, methodHandle*, JavaCallArguments*, Thread*)+0x22a
V  [libjvm.dylib+0x2d6b60]  JavaCalls::call(JavaValue*, methodHandle, JavaCallArguments*, Thread*)+0x28
V  [libjvm.dylib+0x30a304]  jni_invoke_static(JNIEnv_*, JavaValue*, _jobject*, JNICallType, _jmethodID*, JNI_ArgumentPusher*, Thread*)+0xe6
V  [libjvm.dylib+0x30349f]  jni_CallStaticVoidMethod+0x10b
C  [java+0x30fe]  JavaMain+0x91d
C  [libsystem_pthread.dylib+0x399d]  _pthread_body+0x83
C  [libsystem_pthread.dylib+0x391a]  _pthread_body+0x0
C  [libsystem_pthread.dylib+0x1351]  thread_start+0xd

Java frames: (J=compiled Java code, j=interpreted, Vv=VM code)
j  org.lwjgl.opengl.MacOSXDisplay.nCreateWindow(IIIIZZZZLjava/nio/ByteBuffer;Ljava/nio/ByteBuffer;)Ljava/nio/ByteBuffer;+0
j  org.lwjgl.opengl.MacOSXDisplay.createWindow(Lorg/lwjgl/opengl/DrawableLWJGL;Lorg/lwjgl/opengl/DisplayMode;Ljava/awt/Canvas;II)V+120
j  org.lwjgl.opengl.Display.createWindow()V+71
j  org.lwjgl.opengl.Display.create(Lorg/lwjgl/opengl/PixelFormat;Lorg/lwjgl/opengl/Drawable;Lorg/lwjgl/opengl/ContextAttribs;)V+72
j  org.lwjgl.opengl.Display.create(Lorg/lwjgl/opengl/PixelFormat;)V+12
j  org.newdawn.slick.AppGameContainer.tryCreateDisplay(Lorg/lwjgl/opengl/PixelFormat;)V+7
j  org.newdawn.slick.AppGameContainer.access$000(Lorg/newdawn/slick/AppGameContainer;Lorg/lwjgl/opengl/PixelFormat;)V+2
j  org.newdawn.slick.AppGameContainer$2.run()Ljava/lang/Object;+36
v  ~StubRoutines::call_stub
j  java.security.AccessController.doPrivileged(Ljava/security/PrivilegedAction;)Ljava/lang/Object;+0
j  org.newdawn.slick.AppGameContainer.setup()V+112
j  org.newdawn.slick.AppGameContainer.start()V+1
j  at.bals.games.myGame.MyGame.main([Ljava/lang/String;)V+27
v  ~StubRoutines::call_stub

---------------  P R O C E S S  ---------------

Java Threads: ( => current thread )
  0x00007fb8340a9000 JavaThread "AWT-Shutdown" [_thread_blocked, id=30739, stack(0x0000700001459000,0x0000700001559000)]
  0x00007fb834853000 JavaThread "AppKit Thread" daemon [_thread_in_native, id=1295, stack(0x00007fff57476000,0x00007fff57c76000)]
  0x00007fb836024800 JavaThread "Service Thread" daemon [_thread_blocked, id=19971, stack(0x00007000010ca000,0x00007000011ca000)]
  0x00007fb836024000 JavaThread "C2 CompilerThread1" daemon [_thread_blocked, id=19459, stack(0x0000700000fc7000,0x00007000010c7000)]
  0x00007fb83481d000 JavaThread "C2 CompilerThread0" daemon [_thread_blocked, id=18947, stack(0x0000700000ec4000,0x0000700000fc4000)]
  0x00007fb83601f800 JavaThread "Signal Dispatcher" daemon [_thread_blocked, id=15887, stack(0x0000700000dc1000,0x0000700000ec1000)]
  0x00007fb834012800 JavaThread "Finalizer" daemon [_thread_blocked, id=14339, stack(0x0000700000c3b000,0x0000700000d3b000)]
  0x00007fb834010000 JavaThread "Reference Handler" daemon [_thread_blocked, id=13827, stack(0x0000700000b38000,0x0000700000c38000)]
=>0x00007fb834802800 JavaThread "main" [_thread_in_vm, id=5891, stack(0x000070000011a000,0x000070000021a000)]

Other Threads:
  0x00007fb836013000 VMThread [stack: 0x0000700000a35000,0x0000700000b35000] [id=13315]
  0x00007fb834818000 WatcherThread [stack: 0x00007000011cd000,0x00007000012cd000] [id=20483]

VM state:not at safepoint (normal execution)

VM Mutex/Monitor currently owned by a thread: None

Heap
 PSYoungGen      total 76800K, used 3963K [0x00000007aaa80000, 0x00000007b0000000, 0x0000000800000000)
  eden space 66048K, 6% used [0x00000007aaa80000,0x00000007aae5ec98,0x00000007aeb00000)
  from space 10752K, 0% used [0x00000007af580000,0x00000007af580000,0x00000007b0000000)
  to   space 10752K, 0% used [0x00000007aeb00000,0x00000007aeb00000,0x00000007af580000)
 ParOldGen       total 174592K, used 0K [0x0000000700000000, 0x000000070aa80000, 0x00000007aaa80000)
  object space 174592K, 0% used [0x0000000700000000,0x0000000700000000,0x000000070aa80000)
 PSPermGen       total 21504K, used 4489K [0x00000006fae00000, 0x00000006fc300000, 0x0000000700000000)
  object space 21504K, 20% used [0x00000006fae00000,0x00000006fb262548,0x00000006fc300000)

Card table byte_map: [0x000000010ce53000,0x000000010d67d000] byte_map_base: 0x000000010967c000

Polling page: 0x0000000108246000

Code Cache  [0x0000000109e53000, 0x000000010a0c3000, 0x000000010ce53000)
 total_blobs=231 nmethods=7 adapters=179 free_code_cache=48737Kb largest_free_block=49904384

Compilation events (10 events):
Event: 0.070 Thread 0x00007fb836024000 nmethod 2 0x0000000109eb2e50 code [0x0000000109eb2fa0, 0x0000000109eb3118]
Event: 0.078 Thread 0x00007fb83481d000 nmethod 3 0x0000000109eb53d0 code [0x0000000109eb5560, 0x0000000109eb5cb8]
Event: 0.081 Thread 0x00007fb836024000    4             java.lang.String::indexOf (166 bytes)
Event: 0.086 Thread 0x00007fb836024000 nmethod 4 0x0000000109eb6310 code [0x0000000109eb6460, 0x0000000109eb68d8]
Event: 0.086 Thread 0x00007fb83481d000    5             java.lang.String::lastIndexOf (52 bytes)
Event: 0.088 Thread 0x00007fb83481d000 nmethod 5 0x0000000109eb4610 code [0x0000000109eb4760, 0x0000000109eb48e8]
Event: 0.092 Thread 0x00007fb836024000    6             java.lang.String::charAt (29 bytes)
Event: 0.092 Thread 0x00007fb836024000 nmethod 6 0x0000000109eb6c10 code [0x0000000109eb6d60, 0x0000000109eb6e18]
Event: 4.957 Thread 0x00007fb83481d000    7             java.io.UnixFileSystem::normalize (75 bytes)
Event: 4.960 Thread 0x00007fb83481d000 nmethod 7 0x0000000109eb7450 code [0x0000000109eb75c0, 0x0000000109eb7818]

GC Heap History (0 events):
No events

Deoptimization events (0 events):
No events

Internal exceptions (10 events):
Event: 4.960 Thread 0x00007fb834802800 Threw 0x00000007aac7e598 at /HUDSON/workspace/7u-2-build-macosx-x86_64/jdk7u45/229/hotspot/src/share/vm/prims/jvm.cpp:1244
Event: 4.960 Thread 0x00007fb834802800 Threw 0x00000007aac81a90 at /HUDSON/workspace/7u-2-build-macosx-x86_64/jdk7u45/229/hotspot/src/share/vm/prims/jvm.cpp:1244
Event: 4.972 Thread 0x00007fb834802800 Threw 0x00000007aacb09b8 at /HUDSON/workspace/7u-2-build-macosx-x86_64/jdk7u45/229/hotspot/src/share/vm/prims/jvm.cpp:1244
Event: 4.972 Thread 0x00007fb834802800 Threw 0x00000007aacb40a8 at /HUDSON/workspace/7u-2-build-macosx-x86_64/jdk7u45/229/hotspot/src/share/vm/prims/jvm.cpp:1244
Event: 4.973 Thread 0x00007fb834802800 Threw 0x00000007aacb8798 at /HUDSON/workspace/7u-2-build-macosx-x86_64/jdk7u45/229/hotspot/src/share/vm/prims/jvm.cpp:1244
Event: 4.973 Thread 0x00007fb834802800 Threw 0x00000007aacbca70 at /HUDSON/workspace/7u-2-build-macosx-x86_64/jdk7u45/229/hotspot/src/share/vm/prims/jvm.cpp:1244
Event: 4.974 Thread 0x00007fb834802800 Threw 0x00000007aacc34e8 at /HUDSON/workspace/7u-2-build-macosx-x86_64/jdk7u45/229/hotspot/src/share/vm/prims/jvm.cpp:1244
Event: 4.975 Thread 0x00007fb834802800 Threw 0x00000007aacc6d00 at /HUDSON/workspace/7u-2-build-macosx-x86_64/jdk7u45/229/hotspot/src/share/vm/prims/jvm.cpp:1244
Event: 5.740 Thread 0x00007fb834802800 Threw 0x00000007aacca860 at /HUDSON/workspace/7u-2-build-macosx-x86_64/jdk7u45/229/hotspot/src/share/vm/prims/jvm.cpp:1244
Event: 5.741 Thread 0x00007fb834802800 Threw 0x00000007aaccf178 at /HUDSON/workspace/7u-2-build-macosx-x86_64/jdk7u45/229/hotspot/src/share/vm/prims/jvm.cpp:1244

Events (10 events):
Event: 4.975 loading class 0x00007fb833c2ccc0
Event: 4.975 loading class 0x00007fb833c2ccc0 done
Event: 4.975 loading class 0x000000011668d040
Event: 4.975 loading class 0x000000011668d040 done
Event: 4.975 loading class 0x00007fb835096db0
Event: 4.976 loading class 0x00007fb835096db0 done
Event: 5.740 loading class 0x00007fb833e5fab0
Event: 5.740 loading class 0x00007fb833e5fab0 done
Event: 5.741 loading class 0x00007fb833c2ced0
Event: 5.741 loading class 0x00007fb833c2ced0 done


Dynamic libraries:
0x000000000883b000 	/System/Library/Frameworks/Cocoa.framework/Versions/A/Cocoa
0x000000000883b000 	/System/Library/Frameworks/Security.framework/Versions/A/Security
0x000000000883b000 	/System/Library/Frameworks/ApplicationServices.framework/Versions/A/ApplicationServices
0x000000000883b000 	/usr/lib/libz.1.dylib
0x000000000883b000 	/usr/lib/libSystem.B.dylib
0x000000000883b000 	/usr/lib/libobjc.A.dylib
0x000000000883b000 	/System/Library/Frameworks/CoreFoundation.framework/Versions/A/CoreFoundation
0x000000000883b000 	/System/Library/Frameworks/Foundation.framework/Versions/C/Foundation
0x000000000883b000 	/System/Library/Frameworks/AppKit.framework/Versions/C/AppKit
0x000000000883b000 	/System/Library/Frameworks/CoreData.framework/Versions/A/CoreData
0x000000000883b000 	/System/Library/PrivateFrameworks/RemoteViewServices.framework/Versions/A/RemoteViewServices
0x000000000883b000 	/System/Library/PrivateFrameworks/UIFoundation.framework/Versions/A/UIFoundation
0x000000000883b000 	/usr/lib/libScreenReader.dylib
0x000000000883b000 	/System/Library/Frameworks/Accelerate.framework/Versions/A/Accelerate
0x000000000883b000 	/System/Library/Frameworks/IOSurface.framework/Versions/A/IOSurface
0x000000000883b000 	/System/Library/Frameworks/AudioToolbox.framework/Versions/A/AudioToolbox
0x000000000883b000 	/System/Library/Frameworks/AudioUnit.framework/Versions/A/AudioUnit
0x000000000883b000 	/System/Library/PrivateFrameworks/DataDetectorsCore.framework/Versions/A/DataDetectorsCore
0x000000000883b000 	/System/Library/PrivateFrameworks/DesktopServicesPriv.framework/Versions/A/DesktopServicesPriv
0x000000000883b000 	/System/Library/Frameworks/Carbon.framework/Versions/A/Frameworks/HIToolbox.framework/Versions/A/HIToolbox
0x000000000883b000 	/System/Library/Frameworks/QuartzCore.framework/Versions/A/QuartzCore
0x000000000883b000 	/System/Library/Frameworks/Carbon.framework/Versions/A/Frameworks/SpeechRecognition.framework/Versions/A/SpeechRecognition
0x000000000883b000 	/usr/lib/libauto.dylib
0x000000000883b000 	/usr/lib/libicucore.A.dylib
0x000000000883b000 	/usr/lib/libxml2.2.dylib
0x000000000883b000 	/System/Library/PrivateFrameworks/CoreUI.framework/Versions/A/CoreUI
0x000000000883b000 	/System/Library/Frameworks/CoreAudio.framework/Versions/A/CoreAudio
0x000000000883b000 	/System/Library/Frameworks/DiskArbitration.framework/Versions/A/DiskArbitration
0x000000000883b000 	/usr/lib/liblangid.dylib
0x000000000883b000 	/System/Library/PrivateFrameworks/MultitouchSupport.framework/Versions/A/MultitouchSupport
0x000000000883b000 	/System/Library/Frameworks/IOKit.framework/Versions/A/IOKit
0x000000000883b000 	/usr/lib/libDiagnosticMessagesClient.dylib
0x000000000883b000 	/System/Library/Frameworks/CoreServices.framework/Versions/A/CoreServices
0x000000000883b000 	/System/Library/PrivateFrameworks/PerformanceAnalysis.framework/Versions/A/PerformanceAnalysis
0x000000000883b000 	/System/Library/PrivateFrameworks/GenerationalStorage.framework/Versions/A/GenerationalStorage
0x000000000883b000 	/System/Library/Frameworks/OpenGL.framework/Versions/A/OpenGL
0x000000000883b000 	/System/Library/PrivateFrameworks/Sharing.framework/Versions/A/Sharing
0x000000000883b000 	/System/Library/Frameworks/CoreGraphics.framework/Versions/A/CoreGraphics
0x000000000883b000 	/System/Library/Frameworks/CoreImage.framework/Versions/A/CoreImage
0x000000000883b000 	/System/Library/Frameworks/CoreText.framework/Versions/A/CoreText
0x000000000883b000 	/System/Library/Frameworks/ImageIO.framework/Versions/A/ImageIO
0x000000000883b000 	/System/Library/PrivateFrameworks/Backup.framework/Versions/A/Backup
0x000000000883b000 	/usr/lib/libextension.dylib
0x000000000883b000 	/usr/lib/libarchive.2.dylib
0x000000000883b000 	/System/Library/Frameworks/CFNetwork.framework/Versions/A/CFNetwork
0x000000000883b000 	/System/Library/Frameworks/SystemConfiguration.framework/Versions/A/SystemConfiguration
0x000000000883b000 	/usr/lib/libCRFSuite.dylib
0x000000000883b000 	/usr/lib/libc++.1.dylib
0x000000000883b000 	/usr/lib/libc++abi.dylib
0x000000000883b000 	/usr/lib/system/libcache.dylib
0x000000000883b000 	/usr/lib/system/libcommonCrypto.dylib
0x000000000883b000 	/usr/lib/system/libcompiler_rt.dylib
0x000000000883b000 	/usr/lib/system/libcopyfile.dylib
0x000000000883b000 	/usr/lib/system/libcorecrypto.dylib
0x000000000883b000 	/usr/lib/system/libdispatch.dylib
0x000000000883b000 	/usr/lib/system/libdyld.dylib
0x000000000883b000 	/usr/lib/system/libkeymgr.dylib
0x000000000883b000 	/usr/lib/system/liblaunch.dylib
0x000000000883b000 	/usr/lib/system/libmacho.dylib
0x000000000883b000 	/usr/lib/system/libquarantine.dylib
0x000000000883b000 	/usr/lib/system/libremovefile.dylib
0x000000000883b000 	/usr/lib/system/libsystem_asl.dylib
0x000000000883b000 	/usr/lib/system/libsystem_blocks.dylib
0x000000000883b000 	/usr/lib/system/libsystem_c.dylib
0x000000000883b000 	/usr/lib/system/libsystem_configuration.dylib
0x000000000883b000 	/usr/lib/system/libsystem_coreservices.dylib
0x000000000883b000 	/usr/lib/system/libsystem_coretls.dylib
0x000000000883b000 	/usr/lib/system/libsystem_dnssd.dylib
0x000000000883b000 	/usr/lib/system/libsystem_info.dylib
0x000000000883b000 	/usr/lib/system/libsystem_kernel.dylib
0x000000000883b000 	/usr/lib/system/libsystem_m.dylib
0x000000000883b000 	/usr/lib/system/libsystem_malloc.dylib
0x000000000883b000 	/usr/lib/system/libsystem_network.dylib
0x000000000883b000 	/usr/lib/system/libsystem_networkextension.dylib
0x000000000883b000 	/usr/lib/system/libsystem_notify.dylib
0x000000000883b000 	/usr/lib/system/libsystem_platform.dylib
0x000000000883b000 	/usr/lib/system/libsystem_pthread.dylib
0x000000000883b000 	/usr/lib/system/libsystem_sandbox.dylib
0x000000000883b000 	/usr/lib/system/libsystem_secinit.dylib
0x000000000883b000 	/usr/lib/system/libsystem_trace.dylib
0x000000000883b000 	/usr/lib/system/libunc.dylib
0x000000000883b000 	/usr/lib/system/libunwind.dylib
0x000000000883b000 	/usr/lib/system/libxpc.dylib
0x000000000883b000 	/usr/lib/libenergytrace.dylib
0x000000000883b000 	/usr/lib/libbsm.0.dylib
0x000000000883b000 	/usr/lib/system/libkxld.dylib
0x000000000883b000 	/usr/lib/libxar.1.dylib
0x000000000883b000 	/usr/lib/libsqlite3.dylib
0x000000000883b000 	/usr/lib/libpam.2.dylib
0x000000000883b000 	/usr/lib/libOpenScriptingUtil.dylib
0x000000000883b000 	/usr/lib/libbz2.1.0.dylib
0x000000000883b000 	/usr/lib/liblzma.5.dylib
0x000000000883b000 	/System/Library/Frameworks/CoreServices.framework/Versions/A/Frameworks/FSEvents.framework/Versions/A/FSEvents
0x000000000883b000 	/System/Library/Frameworks/CoreServices.framework/Versions/A/Frameworks/CarbonCore.framework/Versions/A/CarbonCore
0x000000000883b000 	/System/Library/Frameworks/CoreServices.framework/Versions/A/Frameworks/Metadata.framework/Versions/A/Metadata
0x000000000883b000 	/System/Library/Frameworks/CoreServices.framework/Versions/A/Frameworks/OSServices.framework/Versions/A/OSServices
0x000000000883b000 	/System/Library/Frameworks/CoreServices.framework/Versions/A/Frameworks/SearchKit.framework/Versions/A/SearchKit
0x000000000883b000 	/System/Library/Frameworks/CoreServices.framework/Versions/A/Frameworks/AE.framework/Versions/A/AE
0x000000000883b000 	/System/Library/Frameworks/CoreServices.framework/Versions/A/Frameworks/LaunchServices.framework/Versions/A/LaunchServices
0x000000000883b000 	/System/Library/Frameworks/CoreServices.framework/Versions/A/Frameworks/DictionaryServices.framework/Versions/A/DictionaryServices
0x000000000883b000 	/System/Library/Frameworks/CoreServices.framework/Versions/A/Frameworks/SharedFileList.framework/Versions/A/SharedFileList
0x000000000883b000 	/System/Library/Frameworks/NetFS.framework/Versions/A/NetFS
0x000000000883b000 	/System/Library/PrivateFrameworks/NetAuth.framework/Versions/A/NetAuth
0x000000000883b000 	/System/Library/PrivateFrameworks/login.framework/Versions/A/Frameworks/loginsupport.framework/Versions/A/loginsupport
0x000000000883b000 	/System/Library/PrivateFrameworks/TCC.framework/Versions/A/TCC
0x000000000883b000 	/usr/lib/libmecabra.dylib
0x000000000883b000 	/System/Library/Frameworks/ApplicationServices.framework/Versions/A/Frameworks/ATS.framework/Versions/A/ATS
0x000000000883b000 	/System/Library/Frameworks/ApplicationServices.framework/Versions/A/Frameworks/ColorSync.framework/Versions/A/ColorSync
0x000000000883b000 	/System/Library/Frameworks/ApplicationServices.framework/Versions/A/Frameworks/HIServices.framework/Versions/A/HIServices
0x000000000883b000 	/System/Library/Frameworks/ApplicationServices.framework/Versions/A/Frameworks/LangAnalysis.framework/Versions/A/LangAnalysis
0x000000000883b000 	/System/Library/Frameworks/ApplicationServices.framework/Versions/A/Frameworks/PrintCore.framework/Versions/A/PrintCore
0x000000000883b000 	/System/Library/Frameworks/ApplicationServices.framework/Versions/A/Frameworks/QD.framework/Versions/A/QD
0x000000000883b000 	/System/Library/Frameworks/ApplicationServices.framework/Versions/A/Frameworks/SpeechSynthesis.framework/Versions/A/SpeechSynthesis
0x000000000883b000 	/System/Library/Frameworks/Metal.framework/Versions/A/Metal
0x000000000883b000 	/System/Library/Frameworks/Accelerate.framework/Versions/A/Frameworks/vImage.framework/Versions/A/vImage
0x000000000883b000 	/System/Library/Frameworks/Accelerate.framework/Versions/A/Frameworks/vecLib.framework/Versions/A/vecLib
0x000000000883b000 	/System/Library/Frameworks/Accelerate.framework/Versions/A/Frameworks/vecLib.framework/Versions/A/libvDSP.dylib
0x000000000883b000 	/System/Library/Frameworks/Accelerate.framework/Versions/A/Frameworks/vecLib.framework/Versions/A/libvMisc.dylib
0x000000000883b000 	/System/Library/Frameworks/Accelerate.framework/Versions/A/Frameworks/vecLib.framework/Versions/A/libLAPACK.dylib
0x000000000883b000 	/System/Library/Frameworks/Accelerate.framework/Versions/A/Frameworks/vecLib.framework/Versions/A/libBLAS.dylib
0x000000000883b000 	/System/Library/Frameworks/Accelerate.framework/Versions/A/Frameworks/vecLib.framework/Versions/A/libLinearAlgebra.dylib
0x000000000883b000 	/System/Library/Frameworks/Accelerate.framework/Versions/A/Frameworks/vecLib.framework/Versions/A/libSparseBLAS.dylib
0x000000000883b000 	/System/Library/PrivateFrameworks/GPUCompiler.framework/libmetal_timestamp.dylib
0x000000000883b000 	/System/Library/Frameworks/OpenGL.framework/Versions/A/Libraries/libCoreFSCache.dylib
0x000000000883b000 	/System/Library/PrivateFrameworks/IOAccelerator.framework/Versions/A/IOAccelerator
0x000000000883b000 	/System/Library/Frameworks/ApplicationServices.framework/Versions/A/Frameworks/ATS.framework/Versions/A/Resources/libFontParser.dylib
0x000000000883b000 	/System/Library/Frameworks/ApplicationServices.framework/Versions/A/Frameworks/ATS.framework/Versions/A/Resources/libFontRegistry.dylib
0x000000000883b000 	/System/Library/PrivateFrameworks/AppleVPA.framework/Versions/A/AppleVPA
0x000000000883b000 	/System/Library/PrivateFrameworks/AppleJPEG.framework/Versions/A/AppleJPEG
0x000000000883b000 	/System/Library/Frameworks/ImageIO.framework/Versions/A/Resources/libJPEG.dylib
0x000000000883b000 	/System/Library/Frameworks/ImageIO.framework/Versions/A/Resources/libTIFF.dylib
0x000000000883b000 	/System/Library/Frameworks/ImageIO.framework/Versions/A/Resources/libPng.dylib
0x000000000883b000 	/System/Library/Frameworks/ImageIO.framework/Versions/A/Resources/libGIF.dylib
0x000000000883b000 	/System/Library/Frameworks/ImageIO.framework/Versions/A/Resources/libJP2.dylib
0x000000000883b000 	/System/Library/Frameworks/ImageIO.framework/Versions/A/Resources/libRadiance.dylib
0x000000000883b000 	/System/Library/Frameworks/CoreVideo.framework/Versions/A/CoreVideo
0x000000000883b000 	/System/Library/Frameworks/OpenGL.framework/Versions/A/Libraries/libGLU.dylib
0x000000000883b000 	/System/Library/Frameworks/OpenGL.framework/Versions/A/Libraries/libGFXShared.dylib
0x000000000883b000 	/System/Library/Frameworks/OpenGL.framework/Versions/A/Libraries/libGL.dylib
0x000000000883b000 	/System/Library/Frameworks/OpenGL.framework/Versions/A/Libraries/libGLImage.dylib
0x000000000883b000 	/System/Library/Frameworks/OpenGL.framework/Versions/A/Libraries/libCVMSPluginSupport.dylib
0x000000000883b000 	/System/Library/Frameworks/OpenGL.framework/Versions/A/Libraries/libCoreVMClient.dylib
0x000000000883b000 	/usr/lib/libcups.2.dylib
0x000000000883b000 	/System/Library/Frameworks/Kerberos.framework/Versions/A/Kerberos
0x000000000883b000 	/System/Library/Frameworks/GSS.framework/Versions/A/GSS
0x000000000883b000 	/usr/lib/libresolv.9.dylib
0x000000000883b000 	/usr/lib/libiconv.2.dylib
0x000000000883b000 	/System/Library/PrivateFrameworks/Heimdal.framework/Versions/A/Heimdal
0x000000000883b000 	/usr/lib/libheimdal-asn1.dylib
0x000000000883b000 	/System/Library/Frameworks/OpenDirectory.framework/Versions/A/OpenDirectory
0x000000000883b000 	/System/Library/PrivateFrameworks/CommonAuth.framework/Versions/A/CommonAuth
0x000000000883b000 	/System/Library/Frameworks/OpenDirectory.framework/Versions/A/Frameworks/CFOpenDirectory.framework/Versions/A/CFOpenDirectory
0x000000000883b000 	/System/Library/Frameworks/SecurityFoundation.framework/Versions/A/SecurityFoundation
0x000000000883b000 	/System/Library/PrivateFrameworks/LanguageModeling.framework/Versions/A/LanguageModeling
0x000000000883b000 	/usr/lib/libmarisa.dylib
0x000000000883b000 	/usr/lib/libChineseTokenizer.dylib
0x000000000883b000 	/usr/lib/libcmph.dylib
0x000000000883b000 	/usr/lib/libcompression.dylib
0x000000000883b000 	/System/Library/Frameworks/ServiceManagement.framework/Versions/A/ServiceManagement
0x000000000883b000 	/usr/lib/libxslt.1.dylib
0x000000000883b000 	/System/Library/Frameworks/Carbon.framework/Versions/A/Frameworks/Ink.framework/Versions/A/Ink
0x000000000883b000 	/usr/lib/libFosl_dynamic.dylib
0x000000000883b000 	/System/Library/PrivateFrameworks/FaceCore.framework/Versions/A/FaceCore
0x000000000883b000 	/System/Library/Frameworks/OpenCL.framework/Versions/A/OpenCL
0x000000000883b000 	/System/Library/PrivateFrameworks/CrashReporterSupport.framework/Versions/A/CrashReporterSupport
0x000000000883b000 	/System/Library/PrivateFrameworks/IconServices.framework/Versions/A/IconServices
0x000000000883b000 	/System/Library/PrivateFrameworks/Apple80211.framework/Versions/A/Apple80211
0x000000000883b000 	/System/Library/Frameworks/CoreWLAN.framework/Versions/A/CoreWLAN
0x000000000883b000 	/System/Library/Frameworks/IOBluetooth.framework/Versions/A/IOBluetooth
0x000000000883b000 	/System/Library/PrivateFrameworks/CoreWiFi.framework/Versions/A/CoreWiFi
0x000000000883b000 	/System/Library/Frameworks/CoreBluetooth.framework/Versions/A/CoreBluetooth
0x000000000883b000 	/System/Library/PrivateFrameworks/ChunkingLibrary.framework/Versions/A/ChunkingLibrary
0x000000000883b000 	/System/Library/PrivateFrameworks/DebugSymbols.framework/Versions/A/DebugSymbols
0x000000000883b000 	/System/Library/PrivateFrameworks/CoreSymbolication.framework/Versions/A/CoreSymbolication
0x000000000883b000 	/System/Library/PrivateFrameworks/Symbolication.framework/Versions/A/Symbolication
0x000000000883b000 	/System/Library/PrivateFrameworks/SpeechRecognitionCore.framework/Versions/A/SpeechRecognitionCore
0x0000000109400000 	/Library/Java/JavaVirtualMachines/jdk1.7.0_45.jdk/Contents/Home/jre/lib/server/libjvm.dylib
0x000000000883b000 	/usr/lib/libstdc++.6.dylib
0x0000000108209000 	/Library/Java/JavaVirtualMachines/jdk1.7.0_45.jdk/Contents/Home/jre/lib/libverify.dylib
0x0000000108216000 	/Library/Java/JavaVirtualMachines/jdk1.7.0_45.jdk/Contents/Home/jre/lib/libjava.dylib
0x0000000108250000 	/Library/Java/JavaVirtualMachines/jdk1.7.0_45.jdk/Contents/Home/jre/lib/libzip.dylib
0x0000000118559000 	/System/Library/Frameworks/JavaVM.framework/Frameworks/JavaRuntimeSupport.framework/JavaRuntimeSupport
0x0000000118574000 	/System/Library/Frameworks/JavaVM.framework/Versions/A/Frameworks/JavaNativeFoundation.framework/Versions/A/JavaNativeFoundation
0x0000000118589000 	/System/Library/Frameworks/JavaVM.framework/Versions/A/JavaVM
0x000000000883b000 	/System/Library/Frameworks/Carbon.framework/Versions/A/Carbon
0x0000000118596000 	/System/Library/PrivateFrameworks/JavaLaunching.framework/Versions/A/JavaLaunching
0x000000000883b000 	/System/Library/Frameworks/Carbon.framework/Versions/A/Frameworks/CommonPanels.framework/Versions/A/CommonPanels
0x000000000883b000 	/System/Library/Frameworks/Carbon.framework/Versions/A/Frameworks/Help.framework/Versions/A/Help
0x000000000883b000 	/System/Library/Frameworks/Carbon.framework/Versions/A/Frameworks/ImageCapture.framework/Versions/A/ImageCapture
0x000000000883b000 	/System/Library/Frameworks/Carbon.framework/Versions/A/Frameworks/OpenScripting.framework/Versions/A/OpenScripting
0x000000000883b000 	/System/Library/Frameworks/Carbon.framework/Versions/A/Frameworks/Print.framework/Versions/A/Print
0x000000000883b000 	/System/Library/Frameworks/Carbon.framework/Versions/A/Frameworks/SecurityHI.framework/Versions/A/SecurityHI
0x0000000119ef7000 	/Library/Java/JavaVirtualMachines/jdk1.7.0_45.jdk/Contents/Home/jre/lib/libawt.dylib
0x0000000119fa6000 	/Library/Java/JavaVirtualMachines/jdk1.7.0_45.jdk/Contents/Home/jre/lib/./libmlib_image.dylib
0x000000011a072000 	/Library/Java/JavaVirtualMachines/jdk1.7.0_45.jdk/Contents/Home/jre/lib/lwawt/liblwawt.dylib
0x000000011a126000 	/Library/Java/JavaVirtualMachines/jdk1.7.0_45.jdk/Contents/Home/jre/lib/libosxapp.dylib
0x000000000883b000 	/System/Library/Frameworks/ExceptionHandling.framework/Versions/A/ExceptionHandling
0x000000000883b000 	/System/Library/PrivateFrameworks/CoreServicesInternal.framework/Versions/A/CoreServicesInternal
0x000000000883b000 	/System/Library/Frameworks/CoreGraphics.framework/Versions/A/Resources/libRIP.A.dylib
0x000000000883b000 	/System/Library/Frameworks/Accelerate.framework/Versions/A/Frameworks/vImage.framework/Versions/A/Libraries/libCGInterfaces.dylib
0x000000000883b000 	/System/Library/Frameworks/CoreGraphics.framework/Versions/A/Resources/libCGXType.A.dylib
0x000000000883b000 	/System/Library/Frameworks/OpenCL.framework/Versions/A/Libraries/libcldcpuengine.dylib
0x000000000883b000 	/System/Library/PrivateFrameworks/DiskImages.framework/Versions/A/DiskImages
0x000000000883b000 	/System/Library/Frameworks/DiscRecording.framework/Versions/A/DiscRecording
0x000000000883b000 	/usr/lib/libcsfde.dylib
0x000000000883b000 	/usr/lib/libcurl.4.dylib
0x000000000883b000 	/System/Library/PrivateFrameworks/MediaKit.framework/Versions/A/MediaKit
0x000000000883b000 	/System/Library/PrivateFrameworks/ProtectedCloudStorage.framework/Versions/A/ProtectedCloudStorage
0x000000000883b000 	/usr/lib/libCoreStorage.dylib
0x000000000883b000 	/System/Library/PrivateFrameworks/EFILogin.framework/Versions/A/EFILogin
0x000000000883b000 	/usr/lib/libutil.dylib
0x000000000883b000 	/System/Library/PrivateFrameworks/FindMyDevice.framework/Versions/A/FindMyDevice
0x000000000883b000 	/System/Library/Frameworks/LDAP.framework/Versions/A/LDAP
0x000000000883b000 	/usr/lib/libsasl2.2.dylib
0x000000000883b000 	/System/Library/PrivateFrameworks/CoreDaemon.framework/Versions/B/CoreDaemon
0x000000000883b000 	/usr/lib/libcrypto.0.9.8.dylib
0x000000000883b000 	/System/Library/PrivateFrameworks/AppleSRP.framework/Versions/A/AppleSRP
0x000000000883b000 	/System/Library/PrivateFrameworks/TrustEvaluationAgent.framework/Versions/A/TrustEvaluationAgent
0x000000011bea0000 	cl_kernels
0x000000000883b000 	/System/Library/Frameworks/OpenCL.framework/Versions/A/Libraries/ImageFormats/unorm8_bgra.dylib
0x000000000883b000 	/System/Library/Frameworks/OpenCL.framework/Versions/A/Libraries/ImageFormats/unorm8_rgba.dylib
0x000000000883b000 	/System/Library/PrivateFrameworks/FamilyControls.framework/Versions/A/FamilyControls
0x000000000883b000 	/System/Library/PrivateFrameworks/CommerceKit.framework/Versions/A/Frameworks/CommerceCore.framework/Versions/A/CommerceCore
0x000000000883b000 	/System/Library/PrivateFrameworks/SystemAdministration.framework/Versions/A/SystemAdministration
0x000000000883b000 	/System/Library/PrivateFrameworks/AppContainer.framework/Versions/A/AppContainer
0x000000000883b000 	/System/Library/PrivateFrameworks/SecCodeWrapper.framework/Versions/A/SecCodeWrapper
0x000000000883b000 	/System/Library/Frameworks/DirectoryService.framework/Versions/A/DirectoryService
0x000000000883b000 	/System/Library/PrivateFrameworks/LoginUIKit.framework/Versions/A/Frameworks/LoginUICore.framework/Versions/A/LoginUICore
0x000000000883b000 	/usr/lib/libodfde.dylib
0x000000011d29e000 	/Library/Java/JavaVirtualMachines/jdk1.7.0_45.jdk/Contents/Home/jre/lib/libfontmanager.dylib
0x000000011d302000 	/Users/lukibals/GitHub/code_5_grade/07_Slick_Template/macosx/liblwjgl.jnilib
0x000000011b2a0000 	/Library/Java/JavaVirtualMachines/jdk1.7.0_45.jdk/Contents/Home/jre/lib/libjawt.dylib
0x000000011d381000 	/Library/Java/JavaVirtualMachines/jdk1.7.0_45.jdk/Contents/Home/jre/lib/libnio.dylib
0x000000011d390000 	/Library/Java/JavaVirtualMachines/jdk1.7.0_45.jdk/Contents/Home/jre/lib/./libnet.dylib
0x000000000883b000 	/System/Library/Frameworks/OpenGL.framework/Versions/A/Resources/GLEngine.bundle/GLEngine
0x000000000883b000 	/System/Library/Frameworks/OpenGL.framework/Versions/A/Libraries/libGLProgrammability.dylib
0x000000011d6b0000 	/System/Library/Extensions/AppleIntelHD4000GraphicsGLDriver.bundle/Contents/MacOS/AppleIntelHD4000GraphicsGLDriver
0x000000000883b000 	/System/Library/PrivateFrameworks/GPUSupport.framework/Versions/A/Libraries/libGPUSupportMercury.dylib
0x000000000883b000 	/System/Library/Extensions/GeForceGLDriver.bundle/Contents/MacOS/GeForceGLDriver
0x000000000883b000 	/System/Library/Extensions/GeForceGLDriver.bundle/Contents/MacOS/libclh.dylib
0x000000000883b000 	/System/Library/Frameworks/OpenGL.framework/Versions/A/Resources/GLRendererFloat.bundle/GLRendererFloat

VM Arguments:
jvm_args: -Djava.library.path=/Users/lukibals/GitHub/code_5_grade/07_Slick_Template/macosx -Dfile.encoding=US-ASCII 
java_command: at.bals.games.myGame.MyGame
Launcher Type: SUN_STANDARD

Environment Variables:
PATH=/usr/bin:/bin:/usr/sbin:/sbin
SHELL=/bin/bash
DISPLAY=/private/tmp/com.apple.launchd.uA4BkStTJm/org.macosforge.xquartz:0

Signal Handlers:
SIGSEGV: [libjvm.dylib+0x525415], sa_mask[0]=0xfffefeff, sa_flags=0x00000043
SIGBUS: [libjvm.dylib+0x525415], sa_mask[0]=0xfffefeff, sa_flags=0x00000042
SIGFPE: [libjvm.dylib+0x41891a], sa_mask[0]=0xfffefeff, sa_flags=0x00000042
SIGPIPE: [libjvm.dylib+0x41891a], sa_mask[0]=0xfffefeff, sa_flags=0x00000042
SIGXFSZ: [libjvm.dylib+0x41891a], sa_mask[0]=0xfffefeff, sa_flags=0x00000042
SIGILL: [libjvm.dylib+0x41891a], sa_mask[0]=0xfffefeff, sa_flags=0x00000042
SIGUSR1: SIG_DFL, sa_mask[0]=0x00000000, sa_flags=0x00000000
SIGUSR2: [libjvm.dylib+0x41840c], sa_mask[0]=0x00000004, sa_flags=0x00000042
SIGHUP: [libjvm.dylib+0x41669b], sa_mask[0]=0xfffefeff, sa_flags=0x00000042
SIGINT: [libjvm.dylib+0x41669b], sa_mask[0]=0xfffefeff, sa_flags=0x00000042
SIGTERM: [libjvm.dylib+0x41669b], sa_mask[0]=0xfffefeff, sa_flags=0x00000042
SIGQUIT: [libjvm.dylib+0x41669b], sa_mask[0]=0xfffefeff, sa_flags=0x00000042


---------------  S Y S T E M  ---------------

OS:Bsduname:Darwin 15.4.0 Darwin Kernel Version 15.4.0: Fri Feb 26 22:08:05 PST 2016; root:xnu-3248.40.184~3/RELEASE_X86_64 x86_64
rlimit: STACK 8192k, CORE 0k, NPROC 709, NOFILE 10240, AS infinity
load average:1.77 1.63 1.53

CPU:total 8 (4 cores per cpu, 2 threads per core) family 6 model 58 stepping 9, cmov, cx8, fxsr, mmx, sse, sse2, sse3, ssse3, sse4.1, sse4.2, popcnt, avx, aes, erms, ht, tsc, tscinvbit, tscinv

Memory: 4k page, physical 16777216k(4194304k free)

/proc/meminfo:


vm_info: Java HotSpot(TM) 64-Bit Server VM (24.45-b08) for bsd-amd64 JRE (1.7.0_45-b18), built on Oct  8 2013 05:54:16 by "java_re" with gcc 4.2.1 (Based on Apple Inc. build 5658) (LLVM build 2336.11.00)

time: Fri Apr 15 10:45:43 2016
elapsed time: 5 seconds

