#
# A fatal error has been detected by the Java Runtime Environment:
#
#  SIGSEGV (0xb) at pc=0x00000001108fbf9d, pid=1137, tid=5891
#
# JRE version: Java(TM) SE Runtime Environment (7.0_45-b18) (build 1.7.0_45-b18)
# Java VM: Java HotSpot(TM) 64-Bit Server VM (24.45-b08 mixed mode bsd-amd64 compressed oops)
# Problematic frame:
# V  [libjvm.dylib+0x2fbf9d]
#
# Failed to write core dump. Core dumps have been disabled. To enable core dumping, try "ulimit -c unlimited" before starting Java again
#
# If you would like to submit a bug report, please visit:
#   http://bugreport.sun.com/bugreport/crash.jsp
#

---------------  T H R E A D  ---------------

Current thread (0x00007fe480804000):  JavaThread "main" [_thread_in_vm, id=5891, stack(0x000070000011a000,0x000070000021a000)]

siginfo:si_signo=SIGSEGV: si_errno=0, si_code=1 (SEGV_MAPERR), si_addr=0x0000000000000009

Registers:
RAX=0x00000006fb03e0f0, RBX=0x00007fe480418b00, RCX=0x0000000110e02c03, RDX=0x0000000000000001
RSP=0x00007000002189b0, RBP=0x00007000002189d0, RSI=0x0000000110d705c0, RDI=0x00000007aaad5bb8
R8 =0x0000000000000280, R9 =0x00000000000001e0, R10=0x00007fe482827e80, R11=0x00007fff7c0ab1b8
R12=0x00007fe4808041e8, R13=0x0000700000218ad8, R14=0x00000007aaaa8f60, R15=0x00007fe4808041e8
RIP=0x00000001108fbf9d, EFLAGS=0x0000000000010202, ERR=0x0000000000000004
  TRAPNO=0x000000000000000e

Top of Stack: (sp=0x00007000002189b0)
0x00007000002189b0:   00007fe480804000 00000007aaaa8f60
0x00007000002189c0:   00007fe4808041e8 00007fe480804000
0x00007000002189d0:   0000700000218a00 0000000110909288
0x00007000002189e0:   0000700000218a00 0000000000000000
0x00007000002189f0:   0000000000000000 0000000000000000
0x0000700000218a00:   0000700000218a90 000000012421822b
0x0000700000218a10:   0000700000218a68 0000006000218b60
0x0000700000218a20:   00000280000001e0 00000190000000d2
0x0000700000218a30:   0000700000218ba8 00007fe480804000
0x0000700000218a40:   0000700000218a80 00000001108d0fe7
0x0000700000218a50:   00007fe480804000 0000700000218ad0
0x0000700000218a60:   00007fe480804000 00000006fb196ff0
0x0000700000218a70:   0000000000000000 00000006fb196fe8
0x0000700000218a80:   0000700000218ba8 00007fe480804000
0x0000700000218a90:   0000700000218b38 0000000111065698
0x0000700000218aa0:   0000000000000000 0000700000000000
0x0000700000218ab0:   0000700000000000 0000700000000000
0x0000700000218ac0:   0000700000218b60 0000000000000000
0x0000700000218ad0:   00000007aaaa8f60 0000700000218ad8
0x0000700000218ae0:   00000006fb0ce966 0000700000218b28
0x0000700000218af0:   00000006fb0dc450 0000700000218af8
0x0000700000218b00:   00000006fb196fe8 0000700000218ba8
0x0000700000218b10:   00000006fb1c0b10 0000000000000000
0x0000700000218b20:   00000006fb196ff0 0000000000000000
0x0000700000218b30:   0000700000218b58 0000700000218bf8
0x0000700000218b40:   0000000111059233 0000000000000000
0x0000700000218b50:   0000000111061cdb 0000000000000000
0x0000700000218b60:   00000007aaccb490 0000000000000000
0x0000700000218b70:   0000000000000000 0000000000000000
0x0000700000218b80:   0000000000000000 00000000000001e0
0x0000700000218b90:   0000000000000280 00000000000000d2
0x0000700000218ba0:   0000000000000190 00000007aac3ab30 

Instructions: (pc=0x00000001108fbf9d)
0x00000001108fbf7d:   c0 75 04 30 c0 eb 39 48 8d 0d 05 6d 50 00 80 39
0x00000001108fbf8d:   00 49 8b 16 74 15 48 8d 35 26 46 47 00 8a 4e 08
0x00000001108fbf9d:   8b 7a 08 48 d3 e7 48 03 3e eb 04 48 8b 7a 08 48
0x00000001108fbfad:   83 c7 10 48 89 c6 e8 20 be f3 ff 84 c0 0f 95 c0 

Register to memory mapping:

RAX=0x00000006fb03e0f0 is an oop
{instance class} 
 - klass: {other class}
RBX=0x00007fe480418b00 is a global jni handle
RCX=0x0000000110e02c03: G1LogLevel+0x3 in /Library/Java/JavaVirtualMachines/jdk1.7.0_45.jdk/Contents/Home/jre/lib/server/libjvm.dylib at 0x0000000110600000
RDX=0x0000000000000001 is an unknown value
RSP=0x00007000002189b0 is pointing into the stack for thread: 0x00007fe480804000
RBP=0x00007000002189d0 is pointing into the stack for thread: 0x00007fe480804000
RSI=0x0000000110d705c0: _ZN8Universe11_narrow_oopE+0 in /Library/Java/JavaVirtualMachines/jdk1.7.0_45.jdk/Contents/Home/jre/lib/server/libjvm.dylib at 0x0000000110600000
RDI=0x00000007aaad5bb8 is an oop
java.lang.Class 
 - klass: 'java/lang/Class'
R8 =0x0000000000000280 is an unknown value
R9 =0x00000000000001e0 is an unknown value
R10=0x00007fe482827e80 is an unknown value
R11=0x00007fff7c0ab1b8: OBJC_CLASS_$_NSAutoreleasePool+0 in /System/Library/Frameworks/Foundation.framework/Versions/C/Foundation at 0x00007fff993f4000
R12=0x00007fe4808041e8 is an unknown value
R13=0x0000700000218ad8 is pointing into the stack for thread: 0x00007fe480804000
R14=0x00000007aaaa8f60 is an oop
java.lang.Boolean 
 - klass: 'java/lang/Boolean'
R15=0x00007fe4808041e8 is an unknown value


Stack: [0x000070000011a000,0x000070000021a000],  sp=0x00007000002189b0,  free space=1018k
Native frames: (J=compiled Java code, j=interpreted, Vv=VM code, C=native code)
V  [libjvm.dylib+0x2fbf9d]
V  [libjvm.dylib+0x309288]
C  [liblwjgl.jnilib+0xc22b]  Java_org_lwjgl_opengl_MacOSXDisplay_nCreateWindow+0x9b
j  org.lwjgl.opengl.MacOSXDisplay.nCreateWindow(IIIIZZZZLjava/nio/ByteBuffer;Ljava/nio/ByteBuffer;)Ljava/nio/ByteBuffer;+0
j  org.lwjgl.opengl.MacOSXDisplay.createWindow(Lorg/lwjgl/opengl/DrawableLWJGL;Lorg/lwjgl/opengl/DisplayMode;Ljava/awt/Canvas;II)V+120
j  org.lwjgl.opengl.Display.createWindow()V+71
j  org.lwjgl.opengl.Display.create(Lorg/lwjgl/opengl/PixelFormat;Lorg/lwjgl/opengl/Drawable;Lorg/lwjgl/opengl/ContextAttribs;)V+72
j  org.lwjgl.opengl.Display.create(Lorg/lwjgl/opengl/PixelFormat;)V+12
j  org.newdawn.slick.AppGameContainer.tryCreateDisplay(Lorg/lwjgl/opengl/PixelFormat;)V+7
j  org.newdawn.slick.AppGameContainer.access$000(Lorg/newdawn/slick/AppGameContainer;Lorg/lwjgl/opengl/PixelFormat;)V+2
j  org.newdawn.slick.AppGameContainer$2.run()Ljava/lang/Object;+36
v  ~StubRoutines::call_stub
V  [libjvm.dylib+0x2d6d90]
V  [libjvm.dylib+0x2d6b60]
V  [libjvm.dylib+0x32a444]
j  java.security.AccessController.doPrivileged(Ljava/security/PrivilegedAction;)Ljava/lang/Object;+0
j  org.newdawn.slick.AppGameContainer.setup()V+112
j  org.newdawn.slick.AppGameContainer.start()V+1
j  at.ran.games.testgame.TestGame.main([Ljava/lang/String;)V+29
v  ~StubRoutines::call_stub
V  [libjvm.dylib+0x2d6d90]
V  [libjvm.dylib+0x2d6b60]
V  [libjvm.dylib+0x30a304]
V  [libjvm.dylib+0x30349f]
C  [java+0x30fe]  JavaMain+0x91d
C  [libsystem_pthread.dylib+0x399d]  _pthread_body+0x83
C  [libsystem_pthread.dylib+0x391a]  _pthread_body+0x0
C  [libsystem_pthread.dylib+0x1351]  thread_start+0xd

Java frames: (J=compiled Java code, j=interpreted, Vv=VM code)
j  org.lwjgl.opengl.MacOSXDisplay.nCreateWindow(IIIIZZZZLjava/nio/ByteBuffer;Ljava/nio/ByteBuffer;)Ljava/nio/ByteBuffer;+0
j  org.lwjgl.opengl.MacOSXDisplay.createWindow(Lorg/lwjgl/opengl/DrawableLWJGL;Lorg/lwjgl/opengl/DisplayMode;Ljava/awt/Canvas;II)V+120
j  org.lwjgl.opengl.Display.createWindow()V+71
j  org.lwjgl.opengl.Display.create(Lorg/lwjgl/opengl/PixelFormat;Lorg/lwjgl/opengl/Drawable;Lorg/lwjgl/opengl/ContextAttribs;)V+72
j  org.lwjgl.opengl.Display.create(Lorg/lwjgl/opengl/PixelFormat;)V+12
j  org.newdawn.slick.AppGameContainer.tryCreateDisplay(Lorg/lwjgl/opengl/PixelFormat;)V+7
j  org.newdawn.slick.AppGameContainer.access$000(Lorg/newdawn/slick/AppGameContainer;Lorg/lwjgl/opengl/PixelFormat;)V+2
j  org.newdawn.slick.AppGameContainer$2.run()Ljava/lang/Object;+36
v  ~StubRoutines::call_stub
j  java.security.AccessController.doPrivileged(Ljava/security/PrivilegedAction;)Ljava/lang/Object;+0
j  org.newdawn.slick.AppGameContainer.setup()V+112
j  org.newdawn.slick.AppGameContainer.start()V+1
j  at.ran.games.testgame.TestGame.main([Ljava/lang/String;)V+29
v  ~StubRoutines::call_stub

---------------  P R O C E S S  ---------------

Java Threads: ( => current thread )
  0x00007fe4808b5000 JavaThread "AWT-Shutdown" [_thread_blocked, id=31507, stack(0x00007000014dc000,0x00007000015dc000)]
  0x00007fe481087000 JavaThread "AppKit Thread" daemon [_thread_in_native, id=1295, stack(0x00007fff50264000,0x00007fff50a64000)]
  0x00007fe483027000 JavaThread "Service Thread" daemon [_thread_blocked, id=19971, stack(0x00007000010ca000,0x00007000011ca000)]
  0x00007fe483026800 JavaThread "C2 CompilerThread1" daemon [_thread_blocked, id=19459, stack(0x0000700000fc7000,0x00007000010c7000)]
  0x00007fe481010800 JavaThread "C2 CompilerThread0" daemon [_thread_blocked, id=18947, stack(0x0000700000ec4000,0x0000700000fc4000)]
  0x00007fe480825800 JavaThread "Signal Dispatcher" daemon [_thread_blocked, id=15887, stack(0x0000700000dc1000,0x0000700000ec1000)]
  0x00007fe483012800 JavaThread "Finalizer" daemon [_thread_blocked, id=14339, stack(0x0000700000c3b000,0x0000700000d3b000)]
  0x00007fe483010000 JavaThread "Reference Handler" daemon [_thread_blocked, id=13827, stack(0x0000700000b38000,0x0000700000c38000)]
=>0x00007fe480804000 JavaThread "main" [_thread_in_vm, id=5891, stack(0x000070000011a000,0x000070000021a000)]

Other Threads:
  0x00007fe48300f800 VMThread [stack: 0x0000700000a35000,0x0000700000b35000] [id=13315]
  0x00007fe480825000 WatcherThread [stack: 0x00007000011cd000,0x00007000012cd000] [id=20483]

VM state:not at safepoint (normal execution)

VM Mutex/Monitor currently owned by a thread: None

Heap
 PSYoungGen      total 76800K, used 3963K [0x00000007aaa80000, 0x00000007b0000000, 0x0000000800000000)
  eden space 66048K, 6% used [0x00000007aaa80000,0x00000007aae5ec78,0x00000007aeb00000)
  from space 10752K, 0% used [0x00000007af580000,0x00000007af580000,0x00000007b0000000)
  to   space 10752K, 0% used [0x00000007aeb00000,0x00000007aeb00000,0x00000007af580000)
 ParOldGen       total 174592K, used 0K [0x0000000700000000, 0x000000070aa80000, 0x00000007aaa80000)
  object space 174592K, 0% used [0x0000000700000000,0x0000000700000000,0x000000070aa80000)
 PSPermGen       total 21504K, used 4491K [0x00000006fae00000, 0x00000006fc300000, 0x0000000700000000)
  object space 21504K, 20% used [0x00000006fae00000,0x00000006fb262f58,0x00000006fc300000)

Card table byte_map: [0x0000000114053000,0x000000011487d000] byte_map_base: 0x000000011087c000

Polling page: 0x000000010f458000

Code Cache  [0x0000000111053000, 0x00000001112c3000, 0x0000000114053000)
 total_blobs=231 nmethods=7 adapters=179 free_code_cache=48737Kb largest_free_block=49902656

Compilation events (10 events):
Event: 0.074 Thread 0x00007fe483026800    3             sun.nio.cs.UTF_8$Encoder::encode (361 bytes)
Event: 0.081 Thread 0x00007fe483026800 nmethod 3 0x00000001110b2750 code [0x00000001110b28e0, 0x00000001110b3038]
Event: 0.083 Thread 0x00007fe481010800    4             java.lang.String::indexOf (166 bytes)
Event: 0.087 Thread 0x00007fe483026800    5             java.lang.String::lastIndexOf (52 bytes)
Event: 0.088 Thread 0x00007fe481010800 nmethod 4 0x00000001110b3790 code [0x00000001110b38e0, 0x00000001110b3d58]
Event: 0.089 Thread 0x00007fe483026800 nmethod 5 0x00000001110b8990 code [0x00000001110b8ae0, 0x00000001110b8c68]
Event: 0.093 Thread 0x00007fe481010800    6             java.lang.String::charAt (29 bytes)
Event: 0.094 Thread 0x00007fe481010800 nmethod 6 0x00000001110b5690 code [0x00000001110b57e0, 0x00000001110b5898]
Event: 0.762 Thread 0x00007fe483026800    7             java.io.UnixFileSystem::normalize (75 bytes)
Event: 0.766 Thread 0x00007fe483026800 nmethod 7 0x00000001110b67d0 code [0x00000001110b6940, 0x00000001110b6b98]

GC Heap History (0 events):
No events

Deoptimization events (0 events):
No events

Internal exceptions (10 events):
Event: 0.766 Thread 0x00007fe480804000 Threw 0x00000007aac7f998 at /HUDSON/workspace/7u-2-build-macosx-x86_64/jdk7u45/229/hotspot/src/share/vm/prims/jvm.cpp:1244
Event: 0.766 Thread 0x00007fe480804000 Threw 0x00000007aac82e90 at /HUDSON/workspace/7u-2-build-macosx-x86_64/jdk7u45/229/hotspot/src/share/vm/prims/jvm.cpp:1244
Event: 0.781 Thread 0x00007fe480804000 Threw 0x00000007aacb1db8 at /HUDSON/workspace/7u-2-build-macosx-x86_64/jdk7u45/229/hotspot/src/share/vm/prims/jvm.cpp:1244
Event: 0.781 Thread 0x00007fe480804000 Threw 0x00000007aacb54a8 at /HUDSON/workspace/7u-2-build-macosx-x86_64/jdk7u45/229/hotspot/src/share/vm/prims/jvm.cpp:1244
Event: 0.782 Thread 0x00007fe480804000 Threw 0x00000007aacb9b78 at /HUDSON/workspace/7u-2-build-macosx-x86_64/jdk7u45/229/hotspot/src/share/vm/prims/jvm.cpp:1244
Event: 0.782 Thread 0x00007fe480804000 Threw 0x00000007aacbde50 at /HUDSON/workspace/7u-2-build-macosx-x86_64/jdk7u45/229/hotspot/src/share/vm/prims/jvm.cpp:1244
Event: 0.783 Thread 0x00007fe480804000 Threw 0x00000007aacc48c8 at /HUDSON/workspace/7u-2-build-macosx-x86_64/jdk7u45/229/hotspot/src/share/vm/prims/jvm.cpp:1244
Event: 0.783 Thread 0x00007fe480804000 Threw 0x00000007aacc80e0 at /HUDSON/workspace/7u-2-build-macosx-x86_64/jdk7u45/229/hotspot/src/share/vm/prims/jvm.cpp:1244
Event: 1.647 Thread 0x00007fe480804000 Threw 0x00000007aaccbc40 at /HUDSON/workspace/7u-2-build-macosx-x86_64/jdk7u45/229/hotspot/src/share/vm/prims/jvm.cpp:1244
Event: 1.647 Thread 0x00007fe480804000 Threw 0x00000007aacd0558 at /HUDSON/workspace/7u-2-build-macosx-x86_64/jdk7u45/229/hotspot/src/share/vm/prims/jvm.cpp:1244

Events (10 events):
Event: 0.783 loading class 0x00007fe482824690
Event: 0.783 loading class 0x00007fe482824690 done
Event: 0.784 loading class 0x000000011d88d040
Event: 0.784 loading class 0x000000011d88d040 done
Event: 0.784 loading class 0x00007fe481046fb0
Event: 0.785 loading class 0x00007fe481046fb0 done
Event: 1.646 loading class 0x00007fe48054b900
Event: 1.646 loading class 0x00007fe48054b900 done
Event: 1.647 loading class 0x00007fe4828248a0
Event: 1.647 loading class 0x00007fe4828248a0 done


Dynamic libraries:
0x000000000883b000 	/System/Library/Frameworks/Cocoa.framework/Versions/A/Cocoa
0x000000000883b000 	/System/Library/Frameworks/Security.framework/Versions/A/Security
0x000000000883b000 	/System/Library/Frameworks/ApplicationServices.framework/Versions/A/ApplicationServices
0x000000000883b000 	/usr/lib/libz.1.dylib
0x000000000883b000 	/usr/lib/libSystem.B.dylib
0x000000000883b000 	/usr/lib/libobjc.A.dylib
0x000000000883b000 	/System/Library/Frameworks/CoreFoundation.framework/Versions/A/CoreFoundation
0x000000000883b000 	/System/Library/Frameworks/Foundation.framework/Versions/C/Foundation
0x000000000883b000 	/System/Library/Frameworks/AppKit.framework/Versions/C/AppKit
0x000000000883b000 	/System/Library/Frameworks/CoreData.framework/Versions/A/CoreData
0x000000000883b000 	/System/Library/PrivateFrameworks/RemoteViewServices.framework/Versions/A/RemoteViewServices
0x000000000883b000 	/System/Library/PrivateFrameworks/UIFoundation.framework/Versions/A/UIFoundation
0x000000000883b000 	/usr/lib/libScreenReader.dylib
0x000000000883b000 	/System/Library/Frameworks/Accelerate.framework/Versions/A/Accelerate
0x000000000883b000 	/System/Library/Frameworks/IOSurface.framework/Versions/A/IOSurface
0x000000000883b000 	/System/Library/Frameworks/AudioToolbox.framework/Versions/A/AudioToolbox
0x000000000883b000 	/System/Library/Frameworks/AudioUnit.framework/Versions/A/AudioUnit
0x000000000883b000 	/System/Library/PrivateFrameworks/DataDetectorsCore.framework/Versions/A/DataDetectorsCore
0x000000000883b000 	/System/Library/PrivateFrameworks/DesktopServicesPriv.framework/Versions/A/DesktopServicesPriv
0x000000000883b000 	/System/Library/Frameworks/Carbon.framework/Versions/A/Frameworks/HIToolbox.framework/Versions/A/HIToolbox
0x000000000883b000 	/System/Library/Frameworks/QuartzCore.framework/Versions/A/QuartzCore
0x000000000883b000 	/System/Library/Frameworks/Carbon.framework/Versions/A/Frameworks/SpeechRecognition.framework/Versions/A/SpeechRecognition
0x000000000883b000 	/usr/lib/libauto.dylib
0x000000000883b000 	/usr/lib/libicucore.A.dylib
0x000000000883b000 	/usr/lib/libxml2.2.dylib
0x000000000883b000 	/System/Library/PrivateFrameworks/CoreUI.framework/Versions/A/CoreUI
0x000000000883b000 	/System/Library/Frameworks/CoreAudio.framework/Versions/A/CoreAudio
0x000000000883b000 	/System/Library/Frameworks/DiskArbitration.framework/Versions/A/DiskArbitration
0x000000000883b000 	/usr/lib/liblangid.dylib
0x000000000883b000 	/System/Library/PrivateFrameworks/MultitouchSupport.framework/Versions/A/MultitouchSupport
0x000000000883b000 	/System/Library/Frameworks/IOKit.framework/Versions/A/IOKit
0x000000000883b000 	/usr/lib/libDiagnosticMessagesClient.dylib
0x000000000883b000 	/System/Library/Frameworks/CoreServices.framework/Versions/A/CoreServices
0x000000000883b000 	/System/Library/PrivateFrameworks/PerformanceAnalysis.framework/Versions/A/PerformanceAnalysis
0x000000000883b000 	/System/Library/PrivateFrameworks/GenerationalStorage.framework/Versions/A/GenerationalStorage
0x000000000883b000 	/System/Library/Frameworks/OpenGL.framework/Versions/A/OpenGL
0x000000000883b000 	/System/Library/PrivateFrameworks/Sharing.framework/Versions/A/Sharing
0x000000000883b000 	/System/Library/Frameworks/CoreGraphics.framework/Versions/A/CoreGraphics
0x000000000883b000 	/System/Library/Frameworks/CoreImage.framework/Versions/A/CoreImage
0x000000000883b000 	/System/Library/Frameworks/CoreText.framework/Versions/A/CoreText
0x000000000883b000 	/System/Library/Frameworks/ImageIO.framework/Versions/A/ImageIO
0x000000000883b000 	/System/Library/PrivateFrameworks/Backup.framework/Versions/A/Backup
0x000000000883b000 	/usr/lib/libextension.dylib
0x000000000883b000 	/usr/lib/libarchive.2.dylib
0x000000000883b000 	/System/Library/Frameworks/CFNetwork.framework/Versions/A/CFNetwork
0x000000000883b000 	/System/Library/Frameworks/SystemConfiguration.framework/Versions/A/SystemConfiguration
0x000000000883b000 	/usr/lib/libCRFSuite.dylib
0x000000000883b000 	/usr/lib/libc++.1.dylib
0x000000000883b000 	/usr/lib/libc++abi.dylib
0x000000000883b000 	/usr/lib/system/libcache.dylib
0x000000000883b000 	/usr/lib/system/libcommonCrypto.dylib
0x000000000883b000 	/usr/lib/system/libcompiler_rt.dylib
0x000000000883b000 	/usr/lib/system/libcopyfile.dylib
0x000000000883b000 	/usr/lib/system/libcorecrypto.dylib
0x000000000883b000 	/usr/lib/system/libdispatch.dylib
0x000000000883b000 	/usr/lib/system/libdyld.dylib
0x000000000883b000 	/usr/lib/system/libkeymgr.dylib
0x000000000883b000 	/usr/lib/system/liblaunch.dylib
0x000000000883b000 	/usr/lib/system/libmacho.dylib
0x000000000883b000 	/usr/lib/system/libquarantine.dylib
0x000000000883b000 	/usr/lib/system/libremovefile.dylib
0x000000000883b000 	/usr/lib/system/libsystem_asl.dylib
0x000000000883b000 	/usr/lib/system/libsystem_blocks.dylib
0x000000000883b000 	/usr/lib/system/libsystem_c.dylib
0x000000000883b000 	/usr/lib/system/libsystem_configuration.dylib
0x000000000883b000 	/usr/lib/system/libsystem_coreservices.dylib
0x000000000883b000 	/usr/lib/system/libsystem_coretls.dylib
0x000000000883b000 	/usr/lib/system/libsystem_dnssd.dylib
0x000000000883b000 	/usr/lib/system/libsystem_info.dylib
0x000000000883b000 	/usr/lib/system/libsystem_kernel.dylib
0x000000000883b000 	/usr/lib/system/libsystem_m.dylib
0x000000000883b000 	/usr/lib/system/libsystem_malloc.dylib
0x000000000883b000 	/usr/lib/system/libsystem_network.dylib
0x000000000883b000 	/usr/lib/system/libsystem_networkextension.dylib
0x000000000883b000 	/usr/lib/system/libsystem_notify.dylib
0x000000000883b000 	/usr/lib/system/libsystem_platform.dylib
0x000000000883b000 	/usr/lib/system/libsystem_pthread.dylib
0x000000000883b000 	/usr/lib/system/libsystem_sandbox.dylib
0x000000000883b000 	/usr/lib/system/libsystem_secinit.dylib
0x000000000883b000 	/usr/lib/system/libsystem_trace.dylib
0x000000000883b000 	/usr/lib/system/libunc.dylib
0x000000000883b000 	/usr/lib/system/libunwind.dylib
0x000000000883b000 	/usr/lib/system/libxpc.dylib
0x000000000883b000 	/usr/lib/libenergytrace.dylib
0x000000000883b000 	/usr/lib/libbsm.0.dylib
0x000000000883b000 	/usr/lib/system/libkxld.dylib
0x000000000883b000 	/usr/lib/libxar.1.dylib
0x000000000883b000 	/usr/lib/libsqlite3.dylib
0x000000000883b000 	/usr/lib/libpam.2.dylib
0x000000000883b000 	/usr/lib/libOpenScriptingUtil.dylib
0x000000000883b000 	/usr/lib/libbz2.1.0.dylib
0x000000000883b000 	/usr/lib/liblzma.5.dylib
0x000000000883b000 	/System/Library/Frameworks/CoreServices.framework/Versions/A/Frameworks/FSEvents.framework/Versions/A/FSEvents
0x000000000883b000 	/System/Library/Frameworks/CoreServices.framework/Versions/A/Frameworks/CarbonCore.framework/Versions/A/CarbonCore
0x000000000883b000 	/System/Library/Frameworks/CoreServices.framework/Versions/A/Frameworks/Metadata.framework/Versions/A/Metadata
0x000000000883b000 	/System/Library/Frameworks/CoreServices.framework/Versions/A/Frameworks/OSServices.framework/Versions/A/OSServices
0x000000000883b000 	/System/Library/Frameworks/CoreServices.framework/Versions/A/Frameworks/SearchKit.framework/Versions/A/SearchKit
0x000000000883b000 	/System/Library/Frameworks/CoreServices.framework/Versions/A/Frameworks/AE.framework/Versions/A/AE
0x000000000883b000 	/System/Library/Frameworks/CoreServices.framework/Versions/A/Frameworks/LaunchServices.framework/Versions/A/LaunchServices
0x000000000883b000 	/System/Library/Frameworks/CoreServices.framework/Versions/A/Frameworks/DictionaryServices.framework/Versions/A/DictionaryServices
0x000000000883b000 	/System/Library/Frameworks/CoreServices.framework/Versions/A/Frameworks/SharedFileList.framework/Versions/A/SharedFileList
0x000000000883b000 	/System/Library/Frameworks/NetFS.framework/Versions/A/NetFS
0x000000000883b000 	/System/Library/PrivateFrameworks/NetAuth.framework/Versions/A/NetAuth
0x000000000883b000 	/System/Library/PrivateFrameworks/login.framework/Versions/A/Frameworks/loginsupport.framework/Versions/A/loginsupport
0x000000000883b000 	/System/Library/PrivateFrameworks/TCC.framework/Versions/A/TCC
0x000000000883b000 	/usr/lib/libmecabra.dylib
0x000000000883b000 	/System/Library/Frameworks/ApplicationServices.framework/Versions/A/Frameworks/ATS.framework/Versions/A/ATS
0x000000000883b000 	/System/Library/Frameworks/ApplicationServices.framework/Versions/A/Frameworks/ColorSync.framework/Versions/A/ColorSync
0x000000000883b000 	/System/Library/Frameworks/ApplicationServices.framework/Versions/A/Frameworks/HIServices.framework/Versions/A/HIServices
0x000000000883b000 	/System/Library/Frameworks/ApplicationServices.framework/Versions/A/Frameworks/LangAnalysis.framework/Versions/A/LangAnalysis
0x000000000883b000 	/System/Library/Frameworks/ApplicationServices.framework/Versions/A/Frameworks/PrintCore.framework/Versions/A/PrintCore
0x000000000883b000 	/System/Library/Frameworks/ApplicationServices.framework/Versions/A/Frameworks/QD.framework/Versions/A/QD
0x000000000883b000 	/System/Library/Frameworks/ApplicationServices.framework/Versions/A/Frameworks/SpeechSynthesis.framework/Versions/A/SpeechSynthesis
0x000000000883b000 	/System/Library/Frameworks/Metal.framework/Versions/A/Metal
0x000000000883b000 	/System/Library/Frameworks/Accelerate.framework/Versions/A/Frameworks/vImage.framework/Versions/A/vImage
0x000000000883b000 	/System/Library/Frameworks/Accelerate.framework/Versions/A/Frameworks/vecLib.framework/Versions/A/vecLib
0x000000000883b000 	/System/Library/Frameworks/Accelerate.framework/Versions/A/Frameworks/vecLib.framework/Versions/A/libvDSP.dylib
0x000000000883b000 	/System/Library/Frameworks/Accelerate.framework/Versions/A/Frameworks/vecLib.framework/Versions/A/libvMisc.dylib
0x000000000883b000 	/System/Library/Frameworks/Accelerate.framework/Versions/A/Frameworks/vecLib.framework/Versions/A/libLAPACK.dylib
0x000000000883b000 	/System/Library/Frameworks/Accelerate.framework/Versions/A/Frameworks/vecLib.framework/Versions/A/libBLAS.dylib
0x000000000883b000 	/System/Library/Frameworks/Accelerate.framework/Versions/A/Frameworks/vecLib.framework/Versions/A/libLinearAlgebra.dylib
0x000000000883b000 	/System/Library/Frameworks/Accelerate.framework/Versions/A/Frameworks/vecLib.framework/Versions/A/libSparseBLAS.dylib
0x000000000883b000 	/System/Library/PrivateFrameworks/GPUCompiler.framework/libmetal_timestamp.dylib
0x000000000883b000 	/System/Library/Frameworks/OpenGL.framework/Versions/A/Libraries/libCoreFSCache.dylib
0x000000000883b000 	/System/Library/PrivateFrameworks/IOAccelerator.framework/Versions/A/IOAccelerator
0x000000000883b000 	/System/Library/Frameworks/ApplicationServices.framework/Versions/A/Frameworks/ATS.framework/Versions/A/Resources/libFontParser.dylib
0x000000000883b000 	/System/Library/Frameworks/ApplicationServices.framework/Versions/A/Frameworks/ATS.framework/Versions/A/Resources/libFontRegistry.dylib
0x000000000883b000 	/System/Library/PrivateFrameworks/AppleVPA.framework/Versions/A/AppleVPA
0x000000000883b000 	/System/Library/PrivateFrameworks/AppleJPEG.framework/Versions/A/AppleJPEG
0x000000000883b000 	/System/Library/Frameworks/ImageIO.framework/Versions/A/Resources/libJPEG.dylib
0x000000000883b000 	/System/Library/Frameworks/ImageIO.framework/Versions/A/Resources/libTIFF.dylib
0x000000000883b000 	/System/Library/Frameworks/ImageIO.framework/Versions/A/Resources/libPng.dylib
0x000000000883b000 	/System/Library/Frameworks/ImageIO.framework/Versions/A/Resources/libGIF.dylib
0x000000000883b000 	/System/Library/Frameworks/ImageIO.framework/Versions/A/Resources/libJP2.dylib
0x000000000883b000 	/System/Library/Frameworks/ImageIO.framework/Versions/A/Resources/libRadiance.dylib
0x000000000883b000 	/System/Library/Frameworks/CoreVideo.framework/Versions/A/CoreVideo
0x000000000883b000 	/System/Library/Frameworks/OpenGL.framework/Versions/A/Libraries/libGLU.dylib
0x000000000883b000 	/System/Library/Frameworks/OpenGL.framework/Versions/A/Libraries/libGFXShared.dylib
0x000000000883b000 	/System/Library/Frameworks/OpenGL.framework/Versions/A/Libraries/libGL.dylib
0x000000000883b000 	/System/Library/Frameworks/OpenGL.framework/Versions/A/Libraries/libGLImage.dylib
0x000000000883b000 	/System/Library/Frameworks/OpenGL.framework/Versions/A/Libraries/libCVMSPluginSupport.dylib
0x000000000883b000 	/System/Library/Frameworks/OpenGL.framework/Versions/A/Libraries/libCoreVMClient.dylib
0x000000000883b000 	/usr/lib/libcups.2.dylib
0x000000000883b000 	/System/Library/Frameworks/Kerberos.framework/Versions/A/Kerberos
0x000000000883b000 	/System/Library/Frameworks/GSS.framework/Versions/A/GSS
0x000000000883b000 	/usr/lib/libresolv.9.dylib
0x000000000883b000 	/usr/lib/libiconv.2.dylib
0x000000000883b000 	/System/Library/PrivateFrameworks/Heimdal.framework/Versions/A/Heimdal
0x000000000883b000 	/usr/lib/libheimdal-asn1.dylib
0x000000000883b000 	/System/Library/Frameworks/OpenDirectory.framework/Versions/A/OpenDirectory
0x000000000883b000 	/System/Library/PrivateFrameworks/CommonAuth.framework/Versions/A/CommonAuth
0x000000000883b000 	/System/Library/Frameworks/OpenDirectory.framework/Versions/A/Frameworks/CFOpenDirectory.framework/Versions/A/CFOpenDirectory
0x000000000883b000 	/System/Library/Frameworks/SecurityFoundation.framework/Versions/A/SecurityFoundation
0x000000000883b000 	/System/Library/PrivateFrameworks/LanguageModeling.framework/Versions/A/LanguageModeling
0x000000000883b000 	/usr/lib/libmarisa.dylib
0x000000000883b000 	/usr/lib/libChineseTokenizer.dylib
0x000000000883b000 	/usr/lib/libcmph.dylib
0x000000000883b000 	/usr/lib/libcompression.dylib
0x000000000883b000 	/System/Library/Frameworks/ServiceManagement.framework/Versions/A/ServiceManagement
0x000000000883b000 	/usr/lib/libxslt.1.dylib
0x000000000883b000 	/System/Library/Frameworks/Carbon.framework/Versions/A/Frameworks/Ink.framework/Versions/A/Ink
0x000000000883b000 	/usr/lib/libFosl_dynamic.dylib
0x000000000883b000 	/System/Library/PrivateFrameworks/FaceCore.framework/Versions/A/FaceCore
0x000000000883b000 	/System/Library/Frameworks/OpenCL.framework/Versions/A/OpenCL
0x000000000883b000 	/System/Library/PrivateFrameworks/CrashReporterSupport.framework/Versions/A/CrashReporterSupport
0x000000000883b000 	/System/Library/PrivateFrameworks/IconServices.framework/Versions/A/IconServices
0x000000000883b000 	/System/Library/PrivateFrameworks/Apple80211.framework/Versions/A/Apple80211
0x000000000883b000 	/System/Library/Frameworks/CoreWLAN.framework/Versions/A/CoreWLAN
0x000000000883b000 	/System/Library/Frameworks/IOBluetooth.framework/Versions/A/IOBluetooth
0x000000000883b000 	/System/Library/PrivateFrameworks/CoreWiFi.framework/Versions/A/CoreWiFi
0x000000000883b000 	/System/Library/Frameworks/CoreBluetooth.framework/Versions/A/CoreBluetooth
0x000000000883b000 	/System/Library/PrivateFrameworks/ChunkingLibrary.framework/Versions/A/ChunkingLibrary
0x000000000883b000 	/System/Library/PrivateFrameworks/DebugSymbols.framework/Versions/A/DebugSymbols
0x000000000883b000 	/System/Library/PrivateFrameworks/CoreSymbolication.framework/Versions/A/CoreSymbolication
0x000000000883b000 	/System/Library/PrivateFrameworks/Symbolication.framework/Versions/A/Symbolication
0x000000000883b000 	/System/Library/PrivateFrameworks/SpeechRecognitionCore.framework/Versions/A/SpeechRecognitionCore
0x0000000110600000 	/Library/Java/JavaVirtualMachines/jdk1.7.0_45.jdk/Contents/Home/jre/lib/server/libjvm.dylib
0x000000000883b000 	/usr/lib/libstdc++.6.dylib
0x000000010f41b000 	/Library/Java/JavaVirtualMachines/jdk1.7.0_45.jdk/Contents/Home/jre/lib/libverify.dylib
0x000000010f428000 	/Library/Java/JavaVirtualMachines/jdk1.7.0_45.jdk/Contents/Home/jre/lib/libjava.dylib
0x000000010f462000 	/Library/Java/JavaVirtualMachines/jdk1.7.0_45.jdk/Contents/Home/jre/lib/libzip.dylib
0x000000011f779000 	/System/Library/Frameworks/JavaVM.framework/Frameworks/JavaRuntimeSupport.framework/JavaRuntimeSupport
0x000000011f794000 	/System/Library/Frameworks/JavaVM.framework/Versions/A/Frameworks/JavaNativeFoundation.framework/Versions/A/JavaNativeFoundation
0x000000010f5ef000 	/System/Library/Frameworks/JavaVM.framework/Versions/A/JavaVM
0x000000000883b000 	/System/Library/Frameworks/Carbon.framework/Versions/A/Carbon
0x000000011f7a9000 	/System/Library/PrivateFrameworks/JavaLaunching.framework/Versions/A/JavaLaunching
0x000000000883b000 	/System/Library/Frameworks/Carbon.framework/Versions/A/Frameworks/CommonPanels.framework/Versions/A/CommonPanels
0x000000000883b000 	/System/Library/Frameworks/Carbon.framework/Versions/A/Frameworks/Help.framework/Versions/A/Help
0x000000000883b000 	/System/Library/Frameworks/Carbon.framework/Versions/A/Frameworks/ImageCapture.framework/Versions/A/ImageCapture
0x000000000883b000 	/System/Library/Frameworks/Carbon.framework/Versions/A/Frameworks/OpenScripting.framework/Versions/A/OpenScripting
0x000000000883b000 	/System/Library/Frameworks/Carbon.framework/Versions/A/Frameworks/Print.framework/Versions/A/Print
0x000000000883b000 	/System/Library/Frameworks/Carbon.framework/Versions/A/Frameworks/SecurityHI.framework/Versions/A/SecurityHI
0x0000000121109000 	/Library/Java/JavaVirtualMachines/jdk1.7.0_45.jdk/Contents/Home/jre/lib/libawt.dylib
0x00000001211b8000 	/Library/Java/JavaVirtualMachines/jdk1.7.0_45.jdk/Contents/Home/jre/lib/./libmlib_image.dylib
0x0000000121284000 	/Library/Java/JavaVirtualMachines/jdk1.7.0_45.jdk/Contents/Home/jre/lib/lwawt/liblwawt.dylib
0x0000000121338000 	/Library/Java/JavaVirtualMachines/jdk1.7.0_45.jdk/Contents/Home/jre/lib/libosxapp.dylib
0x000000000883b000 	/System/Library/Frameworks/ExceptionHandling.framework/Versions/A/ExceptionHandling
0x000000000883b000 	/System/Library/PrivateFrameworks/CoreServicesInternal.framework/Versions/A/CoreServicesInternal
0x000000000883b000 	/System/Library/Frameworks/CoreGraphics.framework/Versions/A/Resources/libRIP.A.dylib
0x000000000883b000 	/System/Library/Frameworks/Accelerate.framework/Versions/A/Frameworks/vImage.framework/Versions/A/Libraries/libCGInterfaces.dylib
0x000000000883b000 	/System/Library/Frameworks/CoreGraphics.framework/Versions/A/Resources/libCGXType.A.dylib
0x000000000883b000 	/System/Library/Frameworks/OpenCL.framework/Versions/A/Libraries/libcldcpuengine.dylib
0x000000000883b000 	/System/Library/PrivateFrameworks/DiskImages.framework/Versions/A/DiskImages
0x000000000883b000 	/System/Library/Frameworks/DiscRecording.framework/Versions/A/DiscRecording
0x000000000883b000 	/usr/lib/libcsfde.dylib
0x000000000883b000 	/usr/lib/libcurl.4.dylib
0x000000000883b000 	/System/Library/PrivateFrameworks/MediaKit.framework/Versions/A/MediaKit
0x000000000883b000 	/System/Library/PrivateFrameworks/ProtectedCloudStorage.framework/Versions/A/ProtectedCloudStorage
0x000000000883b000 	/usr/lib/libCoreStorage.dylib
0x000000000883b000 	/System/Library/PrivateFrameworks/EFILogin.framework/Versions/A/EFILogin
0x000000000883b000 	/usr/lib/libutil.dylib
0x000000000883b000 	/System/Library/PrivateFrameworks/FindMyDevice.framework/Versions/A/FindMyDevice
0x000000000883b000 	/System/Library/Frameworks/LDAP.framework/Versions/A/LDAP
0x000000000883b000 	/usr/lib/libsasl2.2.dylib
0x000000000883b000 	/System/Library/PrivateFrameworks/CoreDaemon.framework/Versions/B/CoreDaemon
0x000000000883b000 	/usr/lib/libcrypto.0.9.8.dylib
0x000000000883b000 	/System/Library/PrivateFrameworks/AppleSRP.framework/Versions/A/AppleSRP
0x000000000883b000 	/System/Library/PrivateFrameworks/TrustEvaluationAgent.framework/Versions/A/TrustEvaluationAgent
0x00000001230b2000 	cl_kernels
0x000000000883b000 	/System/Library/Frameworks/OpenCL.framework/Versions/A/Libraries/ImageFormats/unorm8_bgra.dylib
0x000000000883b000 	/System/Library/Frameworks/OpenCL.framework/Versions/A/Libraries/ImageFormats/unorm8_rgba.dylib
0x000000000883b000 	/System/Library/PrivateFrameworks/FamilyControls.framework/Versions/A/FamilyControls
0x000000000883b000 	/System/Library/PrivateFrameworks/CommerceKit.framework/Versions/A/Frameworks/CommerceCore.framework/Versions/A/CommerceCore
0x000000000883b000 	/System/Library/PrivateFrameworks/SystemAdministration.framework/Versions/A/SystemAdministration
0x000000000883b000 	/System/Library/PrivateFrameworks/AppContainer.framework/Versions/A/AppContainer
0x000000000883b000 	/System/Library/PrivateFrameworks/SecCodeWrapper.framework/Versions/A/SecCodeWrapper
0x000000000883b000 	/System/Library/Frameworks/DirectoryService.framework/Versions/A/DirectoryService
0x000000000883b000 	/System/Library/PrivateFrameworks/LoginUIKit.framework/Versions/A/Frameworks/LoginUICore.framework/Versions/A/LoginUICore
0x000000000883b000 	/usr/lib/libodfde.dylib
0x00000001241a8000 	/Library/Java/JavaVirtualMachines/jdk1.7.0_45.jdk/Contents/Home/jre/lib/libfontmanager.dylib
0x000000012420c000 	/Users/lukibals/GitHub/code_5_grade/07_Slick_Template/macosx/liblwjgl.jnilib
0x00000001224a6000 	/Library/Java/JavaVirtualMachines/jdk1.7.0_45.jdk/Contents/Home/jre/lib/libjawt.dylib
0x00000001224a9000 	/Library/Java/JavaVirtualMachines/jdk1.7.0_45.jdk/Contents/Home/jre/lib/libnio.dylib
0x000000012428b000 	/Library/Java/JavaVirtualMachines/jdk1.7.0_45.jdk/Contents/Home/jre/lib/./libnet.dylib
0x000000000883b000 	/System/Library/Frameworks/OpenGL.framework/Versions/A/Resources/GLEngine.bundle/GLEngine
0x000000000883b000 	/System/Library/Frameworks/OpenGL.framework/Versions/A/Libraries/libGLProgrammability.dylib
0x00000001242a0000 	/System/Library/Extensions/AppleIntelHD4000GraphicsGLDriver.bundle/Contents/MacOS/AppleIntelHD4000GraphicsGLDriver
0x000000000883b000 	/System/Library/PrivateFrameworks/GPUSupport.framework/Versions/A/Libraries/libGPUSupportMercury.dylib
0x000000000883b000 	/System/Library/Extensions/GeForceGLDriver.bundle/Contents/MacOS/GeForceGLDriver
0x000000000883b000 	/System/Library/Extensions/GeForceGLDriver.bundle/Contents/MacOS/libclh.dylib
0x000000000883b000 	/System/Library/Frameworks/OpenGL.framework/Versions/A/Resources/GLRendererFloat.bundle/GLRendererFloat

VM Arguments:
jvm_args: -Djava.library.path=/Users/lukibals/GitHub/code_5_grade/07_Slick_Template/macosx -Dfile.encoding=US-ASCII 
java_command: at.ran.games.testgame.TestGame
Launcher Type: SUN_STANDARD

Environment Variables:
PATH=/usr/bin:/bin:/usr/sbin:/sbin
SHELL=/bin/bash
DISPLAY=/private/tmp/com.apple.launchd.uA4BkStTJm/org.macosforge.xquartz:0

Signal Handlers:
SIGSEGV: [libjvm.dylib+0x525415], sa_mask[0]=0xfffefeff, sa_flags=0x00000043
SIGBUS: [libjvm.dylib+0x525415], sa_mask[0]=0xfffefeff, sa_flags=0x00000042
SIGFPE: [libjvm.dylib+0x41891a], sa_mask[0]=0xfffefeff, sa_flags=0x00000042
SIGPIPE: [libjvm.dylib+0x41891a], sa_mask[0]=0xfffefeff, sa_flags=0x00000042
SIGXFSZ: [libjvm.dylib+0x41891a], sa_mask[0]=0xfffefeff, sa_flags=0x00000042
SIGILL: [libjvm.dylib+0x41891a], sa_mask[0]=0xfffefeff, sa_flags=0x00000042
SIGUSR1: SIG_DFL, sa_mask[0]=0x00000000, sa_flags=0x00000000
SIGUSR2: [libjvm.dylib+0x41840c], sa_mask[0]=0x00000004, sa_flags=0x00000042
SIGHUP: [libjvm.dylib+0x41669b], sa_mask[0]=0xfffefeff, sa_flags=0x00000042
SIGINT: [libjvm.dylib+0x41669b], sa_mask[0]=0xfffefeff, sa_flags=0x00000042
SIGTERM: [libjvm.dylib+0x41669b], sa_mask[0]=0xfffefeff, sa_flags=0x00000042
SIGQUIT: [libjvm.dylib+0x41669b], sa_mask[0]=0xfffefeff, sa_flags=0x00000042


---------------  S Y S T E M  ---------------

OS:Bsduname:Darwin 15.4.0 Darwin Kernel Version 15.4.0: Fri Feb 26 22:08:05 PST 2016; root:xnu-3248.40.184~3/RELEASE_X86_64 x86_64
rlimit: STACK 8192k, CORE 0k, NPROC 709, NOFILE 10240, AS infinity
load average:1.15 1.39 1.42

CPU:total 8 (4 cores per cpu, 2 threads per core) family 6 model 58 stepping 9, cmov, cx8, fxsr, mmx, sse, sse2, sse3, ssse3, sse4.1, sse4.2, popcnt, avx, aes, erms, ht, tsc, tscinvbit, tscinv

Memory: 4k page, physical 16777216k(4194304k free)

/proc/meminfo:


vm_info: Java HotSpot(TM) 64-Bit Server VM (24.45-b08) for bsd-amd64 JRE (1.7.0_45-b18), built on Oct  8 2013 05:54:16 by "java_re" with gcc 4.2.1 (Based on Apple Inc. build 5658) (LLVM build 2336.11.00)

time: Fri Apr 15 10:31:39 2016
elapsed time: 1 seconds

