#
# A fatal error has been detected by the Java Runtime Environment:
#
#  SIGSEGV (0xb) at pc=0x000000010befbf9d, pid=1155, tid=65799
#
# JRE version: Java(TM) SE Runtime Environment (7.0_45-b18) (build 1.7.0_45-b18)
# Java VM: Java HotSpot(TM) 64-Bit Server VM (24.45-b08 mixed mode bsd-amd64 compressed oops)
# Problematic frame:
# V  [libjvm.dylib+0x2fbf9d]
#
# Failed to write core dump. Core dumps have been disabled. To enable core dumping, try "ulimit -c unlimited" before starting Java again
#
# If you would like to submit a bug report, please visit:
#   http://bugreport.sun.com/bugreport/crash.jsp
#

---------------  T H R E A D  ---------------

Current thread (0x00007fd4c198d800):  JavaThread "AWT-EventQueue-0" [_thread_in_vm, id=65799, stack(0x0000700001a74000,0x0000700001b74000)]

siginfo:si_signo=SIGSEGV: si_errno=0, si_code=1 (SEGV_MAPERR), si_addr=0x0000000000000009

Registers:
RAX=0x00000006fb03e0f0, RBX=0x00007fd4c072c6b0, RCX=0x000000010c402c03, RDX=0x0000000000000001
RSP=0x0000700001b71a50, RBP=0x0000700001b71a70, RSI=0x000000010c3705c0, RDI=0x00000007aaad5ce8
R8 =0x0000000000000280, R9 =0x00000000000001e0, R10=0x00007fd4c0515890, R11=0x00007fff7c0ab1b8
R12=0x00007fd4c198d9e8, R13=0x0000700001b71b78, R14=0x00000007aaaa8f78, R15=0x00007fd4c198d9e8
RIP=0x000000010befbf9d, EFLAGS=0x0000000000010202, ERR=0x0000000000000004
  TRAPNO=0x000000000000000e

Top of Stack: (sp=0x0000700001b71a50)
0x0000700001b71a50:   00007fd4c198d800 00000007aaaa8f78
0x0000700001b71a60:   00007fd4c198d9e8 00007fd4c198d800
0x0000700001b71a70:   0000700001b71aa0 000000010bf09288
0x0000700001b71a80:   0000700001b71aa0 0000000000000000
0x0000700001b71a90:   0000000000000000 0000000000000001
0x0000700001b71aa0:   0000700001b71b30 000000011fbc122b
0x0000700001b71ab0:   f800700001b71b08 0000010001b71c00
0x0000700001b71ac0:   00000280000001e0 0000000000000000
0x0000700001b71ad0:   0000700001b71c48 00007fd4c198d800
0x0000700001b71ae0:   0000700001b71b20 000000010bed0fe7
0x0000700001b71af0:   00007fd4c198d800 0000700001b71b70
0x0000700001b71b00:   00007fd4c198d800 00000006fb1f9ab0
0x0000700001b71b10:   0000000000000000 00000006fb1f9aa8
0x0000700001b71b20:   0000700001b71c48 00007fd4c198d800
0x0000700001b71b30:   0000700001b71bd8 000000010c665698
0x0000700001b71b40:   0000000000000000 0000700000000000
0x0000700001b71b50:   0000700000000000 0000700000000001
0x0000700001b71b60:   0000700001b71c00 0000700001b71bf8
0x0000700001b71b70:   00000007aaaa8f78 0000700001b71b78
0x0000700001b71b80:   00000006fb1ae2a6 0000700001b71bc8
0x0000700001b71b90:   00000006fb1bbad0 0000700001b71b98
0x0000700001b71ba0:   00000006fb1f9aa8 0000700001b71c48
0x0000700001b71bb0:   00000006fb202df8 0000000000000000
0x0000700001b71bc0:   00000006fb1f9ab0 0000000000000000
0x0000700001b71bd0:   0000700001b71bf8 0000700001b71c98
0x0000700001b71be0:   000000010c659233 0000000000000000
0x0000700001b71bf0:   000000010c661cdb 00000007aafe0f78
0x0000700001b71c00:   00000007aafd7bb8 0000000000000001
0x0000700001b71c10:   0000000000000000 0000000000000000
0x0000700001b71c20:   0000000000000000 00000000000001e0
0x0000700001b71c30:   0000000000000280 0000000000000000
0x0000700001b71c40:   0000000000000000 00000007aad91c10 

Instructions: (pc=0x000000010befbf9d)
0x000000010befbf7d:   c0 75 04 30 c0 eb 39 48 8d 0d 05 6d 50 00 80 39
0x000000010befbf8d:   00 49 8b 16 74 15 48 8d 35 26 46 47 00 8a 4e 08
0x000000010befbf9d:   8b 7a 08 48 d3 e7 48 03 3e eb 04 48 8b 7a 08 48
0x000000010befbfad:   83 c7 10 48 89 c6 e8 20 be f3 ff 84 c0 0f 95 c0 

Register to memory mapping:

RAX=0x00000006fb03e0f0 is an oop
{instance class} 
 - klass: {other class}
RBX=0x00007fd4c072c6b0 is a global jni handle
RCX=0x000000010c402c03: G1LogLevel+0x3 in /Library/Java/JavaVirtualMachines/jdk1.7.0_45.jdk/Contents/Home/jre/lib/server/libjvm.dylib at 0x000000010bc00000
RDX=0x0000000000000001 is an unknown value
RSP=0x0000700001b71a50 is pointing into the stack for thread: 0x00007fd4c198d800
RBP=0x0000700001b71a70 is pointing into the stack for thread: 0x00007fd4c198d800
RSI=0x000000010c3705c0: _ZN8Universe11_narrow_oopE+0 in /Library/Java/JavaVirtualMachines/jdk1.7.0_45.jdk/Contents/Home/jre/lib/server/libjvm.dylib at 0x000000010bc00000
RDI=0x00000007aaad5ce8 is an oop
java.lang.Class 
 - klass: 'java/lang/Class'
R8 =0x0000000000000280 is an unknown value
R9 =0x00000000000001e0 is an unknown value
R10=0x00007fd4c0515890 is an unknown value
R11=0x00007fff7c0ab1b8: OBJC_CLASS_$_NSAutoreleasePool+0 in /System/Library/Frameworks/Foundation.framework/Versions/C/Foundation at 0x00007fff993f4000
R12=0x00007fd4c198d9e8 is an unknown value
R13=0x0000700001b71b78 is pointing into the stack for thread: 0x00007fd4c198d800
R14=0x00000007aaaa8f78 is an oop
java.lang.Boolean 
 - klass: 'java/lang/Boolean'
R15=0x00007fd4c198d9e8 is an unknown value


Stack: [0x0000700001a74000,0x0000700001b74000],  sp=0x0000700001b71a50,  free space=1014k
Native frames: (J=compiled Java code, j=interpreted, Vv=VM code, C=native code)
V  [libjvm.dylib+0x2fbf9d]
V  [libjvm.dylib+0x309288]
C  [liblwjgl.jnilib+0xc22b]  Java_org_lwjgl_opengl_MacOSXDisplay_nCreateWindow+0x9b
j  org.lwjgl.opengl.MacOSXDisplay.nCreateWindow(IIIIZZZZLjava/nio/ByteBuffer;Ljava/nio/ByteBuffer;)Ljava/nio/ByteBuffer;+0
j  org.lwjgl.opengl.MacOSXDisplay.createWindow(Lorg/lwjgl/opengl/DrawableLWJGL;Lorg/lwjgl/opengl/DisplayMode;Ljava/awt/Canvas;II)V+120
j  org.lwjgl.opengl.Display.createWindow()V+71
j  org.lwjgl.opengl.Display.create(Lorg/lwjgl/opengl/PixelFormat;Lorg/lwjgl/opengl/Drawable;Lorg/lwjgl/opengl/ContextAttribs;)V+72
j  org.lwjgl.opengl.Display.create(Lorg/lwjgl/opengl/PixelFormat;)V+12
j  org.newdawn.slick.AppGameContainer.tryCreateDisplay(Lorg/lwjgl/opengl/PixelFormat;)V+7
j  org.newdawn.slick.AppGameContainer.access$000(Lorg/newdawn/slick/AppGameContainer;Lorg/lwjgl/opengl/PixelFormat;)V+2
j  org.newdawn.slick.AppGameContainer$2.run()Ljava/lang/Object;+36
v  ~StubRoutines::call_stub
V  [libjvm.dylib+0x2d6d90]
V  [libjvm.dylib+0x2d6b60]
V  [libjvm.dylib+0x32a444]
j  java.security.AccessController.doPrivileged(Ljava/security/PrivilegedAction;)Ljava/lang/Object;+0
j  org.newdawn.slick.AppGameContainer.setup()V+112
j  org.newdawn.slick.CanvasGameContainer$1.run()V+32
j  java.awt.event.InvocationEvent.dispatch()V+47
j  java.awt.EventQueue.dispatchEventImpl(Ljava/awt/AWTEvent;Ljava/lang/Object;)V+21
j  java.awt.EventQueue.access$200(Ljava/awt/EventQueue;Ljava/awt/AWTEvent;Ljava/lang/Object;)V+3
j  java.awt.EventQueue$3.run()Ljava/lang/Void;+12
j  java.awt.EventQueue$3.run()Ljava/lang/Object;+1
v  ~StubRoutines::call_stub
V  [libjvm.dylib+0x2d6d90]
V  [libjvm.dylib+0x2d6b60]
V  [libjvm.dylib+0x32a444]
j  java.security.AccessController.doPrivileged(Ljava/security/PrivilegedAction;Ljava/security/AccessControlContext;)Ljava/lang/Object;+0
j  java.security.ProtectionDomain$1.doIntersectionPrivilege(Ljava/security/PrivilegedAction;Ljava/security/AccessControlContext;Ljava/security/AccessControlContext;)Ljava/lang/Object;+28
j  java.awt.EventQueue.dispatchEvent(Ljava/awt/AWTEvent;)V+46
j  java.awt.EventDispatchThread.pumpOneEventForFilters(I)V+245
j  java.awt.EventDispatchThread.pumpEventsForFilter(ILjava/awt/Conditional;Ljava/awt/EventFilter;)V+35
j  java.awt.EventDispatchThread.pumpEventsForHierarchy(ILjava/awt/Conditional;Ljava/awt/Component;)V+11
j  java.awt.EventDispatchThread.pumpEvents(ILjava/awt/Conditional;)V+4
j  java.awt.EventDispatchThread.pumpEvents(Ljava/awt/Conditional;)V+3
j  java.awt.EventDispatchThread.run()V+9
v  ~StubRoutines::call_stub
V  [libjvm.dylib+0x2d6d90]
V  [libjvm.dylib+0x2d72a7]
V  [libjvm.dylib+0x2d73e4]
V  [libjvm.dylib+0x3263ca]
V  [libjvm.dylib+0x4efb47]
V  [libjvm.dylib+0x4f124f]
V  [libjvm.dylib+0x41b1c6]
C  [libsystem_pthread.dylib+0x399d]  _pthread_body+0x83
C  [libsystem_pthread.dylib+0x391a]  _pthread_body+0x0
C  [libsystem_pthread.dylib+0x1351]  thread_start+0xd

Java frames: (J=compiled Java code, j=interpreted, Vv=VM code)
j  org.lwjgl.opengl.MacOSXDisplay.nCreateWindow(IIIIZZZZLjava/nio/ByteBuffer;Ljava/nio/ByteBuffer;)Ljava/nio/ByteBuffer;+0
j  org.lwjgl.opengl.MacOSXDisplay.createWindow(Lorg/lwjgl/opengl/DrawableLWJGL;Lorg/lwjgl/opengl/DisplayMode;Ljava/awt/Canvas;II)V+120
j  org.lwjgl.opengl.Display.createWindow()V+71
j  org.lwjgl.opengl.Display.create(Lorg/lwjgl/opengl/PixelFormat;Lorg/lwjgl/opengl/Drawable;Lorg/lwjgl/opengl/ContextAttribs;)V+72
j  org.lwjgl.opengl.Display.create(Lorg/lwjgl/opengl/PixelFormat;)V+12
j  org.newdawn.slick.AppGameContainer.tryCreateDisplay(Lorg/lwjgl/opengl/PixelFormat;)V+7
j  org.newdawn.slick.AppGameContainer.access$000(Lorg/newdawn/slick/AppGameContainer;Lorg/lwjgl/opengl/PixelFormat;)V+2
j  org.newdawn.slick.AppGameContainer$2.run()Ljava/lang/Object;+36
v  ~StubRoutines::call_stub
j  java.security.AccessController.doPrivileged(Ljava/security/PrivilegedAction;)Ljava/lang/Object;+0
j  org.newdawn.slick.AppGameContainer.setup()V+112
j  org.newdawn.slick.CanvasGameContainer$1.run()V+32
j  java.awt.event.InvocationEvent.dispatch()V+47
j  java.awt.EventQueue.dispatchEventImpl(Ljava/awt/AWTEvent;Ljava/lang/Object;)V+21
j  java.awt.EventQueue.access$200(Ljava/awt/EventQueue;Ljava/awt/AWTEvent;Ljava/lang/Object;)V+3
j  java.awt.EventQueue$3.run()Ljava/lang/Void;+12
j  java.awt.EventQueue$3.run()Ljava/lang/Object;+1
v  ~StubRoutines::call_stub
j  java.security.AccessController.doPrivileged(Ljava/security/PrivilegedAction;Ljava/security/AccessControlContext;)Ljava/lang/Object;+0
j  java.security.ProtectionDomain$1.doIntersectionPrivilege(Ljava/security/PrivilegedAction;Ljava/security/AccessControlContext;Ljava/security/AccessControlContext;)Ljava/lang/Object;+28
j  java.awt.EventQueue.dispatchEvent(Ljava/awt/AWTEvent;)V+46
j  java.awt.EventDispatchThread.pumpOneEventForFilters(I)V+245
j  java.awt.EventDispatchThread.pumpEventsForFilter(ILjava/awt/Conditional;Ljava/awt/EventFilter;)V+35
j  java.awt.EventDispatchThread.pumpEventsForHierarchy(ILjava/awt/Conditional;Ljava/awt/Component;)V+11
j  java.awt.EventDispatchThread.pumpEvents(ILjava/awt/Conditional;)V+4
j  java.awt.EventDispatchThread.pumpEvents(Ljava/awt/Conditional;)V+3
j  java.awt.EventDispatchThread.run()V+9
v  ~StubRoutines::call_stub

---------------  P R O C E S S  ---------------

Java Threads: ( => current thread )
  0x00007fd4c21c2800 JavaThread "DestroyJavaVM" [_thread_blocked, id=5891, stack(0x000070000011a000,0x000070000021a000)]
=>0x00007fd4c198d800 JavaThread "AWT-EventQueue-0" [_thread_in_vm, id=65799, stack(0x0000700001a74000,0x0000700001b74000)]
  0x00007fd4c0965800 JavaThread "Java2D Disposer" daemon [_thread_blocked, id=58387, stack(0x00007000018ee000,0x00007000019ee000)]
  0x00007fd4c20bd000 JavaThread "Java2D Queue Flusher" daemon [_thread_blocked, id=58631, stack(0x00007000017eb000,0x00007000018eb000)]
  0x00007fd4c1052000 JavaThread "AWT-Shutdown" [_thread_blocked, id=30483, stack(0x00007000013d6000,0x00007000014d6000)]
  0x00007fd4c104a000 JavaThread "AppKit Thread" daemon [_thread_in_native, id=1295, stack(0x00007fff54bc3000,0x00007fff553c3000)]
  0x00007fd4c1811000 JavaThread "Service Thread" daemon [_thread_blocked, id=19715, stack(0x00007000010ca000,0x00007000011ca000)]
  0x00007fd4c0829800 JavaThread "C2 CompilerThread1" daemon [_thread_blocked, id=19203, stack(0x0000700000fc7000,0x00007000010c7000)]
  0x00007fd4c2030000 JavaThread "C2 CompilerThread0" daemon [_thread_blocked, id=18691, stack(0x0000700000ec4000,0x0000700000fc4000)]
  0x00007fd4c0829000 JavaThread "Signal Dispatcher" daemon [_thread_blocked, id=15887, stack(0x0000700000dc1000,0x0000700000ec1000)]
  0x00007fd4c2027800 JavaThread "Finalizer" daemon [_thread_blocked, id=14339, stack(0x0000700000c3b000,0x0000700000d3b000)]
  0x00007fd4c1006800 JavaThread "Reference Handler" daemon [_thread_blocked, id=13827, stack(0x0000700000b38000,0x0000700000c38000)]

Other Threads:
  0x00007fd4c2025000 VMThread [stack: 0x0000700000a35000,0x0000700000b35000] [id=13315]
  0x00007fd4c180b000 WatcherThread [stack: 0x00007000011cd000,0x00007000012cd000] [id=20227]

VM state:not at safepoint (normal execution)

VM Mutex/Monitor currently owned by a thread: None

Heap
 PSYoungGen      total 76800K, used 9181K [0x00000007aaa80000, 0x00000007b0000000, 0x0000000800000000)
  eden space 66048K, 13% used [0x00000007aaa80000,0x00000007ab3774e8,0x00000007aeb00000)
  from space 10752K, 0% used [0x00000007af580000,0x00000007af580000,0x00000007b0000000)
  to   space 10752K, 0% used [0x00000007aeb00000,0x00000007aeb00000,0x00000007af580000)
 ParOldGen       total 174592K, used 0K [0x0000000700000000, 0x000000070aa80000, 0x00000007aaa80000)
  object space 174592K, 0% used [0x0000000700000000,0x0000000700000000,0x000000070aa80000)
 PSPermGen       total 21504K, used 7270K [0x00000006fae00000, 0x00000006fc300000, 0x0000000700000000)
  object space 21504K, 33% used [0x00000006fae00000,0x00000006fb519808,0x00000006fc300000)

Card table byte_map: [0x000000010f653000,0x000000010fe7d000] byte_map_base: 0x000000010be7c000

Polling page: 0x000000010aaf9000

Code Cache  [0x000000010c653000, 0x000000010c8c3000, 0x000000010f653000)
 total_blobs=378 nmethods=9 adapters=324 free_code_cache=48657Kb largest_free_block=49819072

Compilation events (10 events):
Event: 2.203 Thread 0x00007fd4c2030000 nmethod 5 0x000000010c6b5150 code [0x000000010c6b52a0, 0x000000010c6b5428]
Event: 2.203 Thread 0x00007fd4c2030000    6             java.lang.String::charAt (29 bytes)
Event: 2.203 Thread 0x00007fd4c2030000 nmethod 6 0x000000010c6b7e10 code [0x000000010c6b7f60, 0x000000010c6b8018]
Event: 2.204 Thread 0x00007fd4c0829800 nmethod 4 0x000000010c6b90d0 code [0x000000010c6b9220, 0x000000010c6b9678]
Event: 2.225 Thread 0x00007fd4c2030000    7             java.io.UnixFileSystem::normalize (75 bytes)
Event: 2.228 Thread 0x00007fd4c2030000 nmethod 7 0x000000010c6bb410 code [0x000000010c6bb580, 0x000000010c6bb7d8]
Event: 3.082 Thread 0x00007fd4c0829800    8             java.lang.Object::<init> (1 bytes)
Event: 3.082 Thread 0x00007fd4c0829800 nmethod 8 0x000000010c6cd190 code [0x000000010c6cd2c0, 0x000000010c6cd358]
Event: 3.125 Thread 0x00007fd4c2030000    9             sun.java2d.loops.GraphicsPrimitive::getUniqueID (5 bytes)
Event: 3.125 Thread 0x00007fd4c2030000 nmethod 9 0x000000010c6ca510 code [0x000000010c6ca640, 0x000000010c6ca698]

GC Heap History (0 events):
No events

Deoptimization events (0 events):
No events

Internal exceptions (10 events):
Event: 3.187 Thread 0x00007fd4c1801000 Threw 0x00000007aae2e680 at /HUDSON/workspace/7u-2-build-macosx-x86_64/jdk7u45/229/hotspot/src/share/vm/prims/jvm.cpp:1244
Event: 3.226 Thread 0x00007fd4c198d800 Threw 0x00000007aafb05c8 at /HUDSON/workspace/7u-2-build-macosx-x86_64/jdk7u45/229/hotspot/src/share/vm/prims/jvm.cpp:1244
Event: 3.229 Thread 0x00007fd4c198d800 Threw 0x00000007aafc63d8 at /HUDSON/workspace/7u-2-build-macosx-x86_64/jdk7u45/229/hotspot/src/share/vm/prims/jvm.cpp:1244
Event: 3.229 Thread 0x00007fd4c198d800 Threw 0x00000007aafca6b0 at /HUDSON/workspace/7u-2-build-macosx-x86_64/jdk7u45/229/hotspot/src/share/vm/prims/jvm.cpp:1244
Event: 3.230 Thread 0x00007fd4c198d800 Threw 0x00000007aafd1128 at /HUDSON/workspace/7u-2-build-macosx-x86_64/jdk7u45/229/hotspot/src/share/vm/prims/jvm.cpp:1244
Event: 3.231 Thread 0x00007fd4c198d800 Threw 0x00000007aafd48a0 at /HUDSON/workspace/7u-2-build-macosx-x86_64/jdk7u45/229/hotspot/src/share/vm/prims/jvm.cpp:1244
Event: 3.232 Thread 0x00007fd4c198d800 Threw 0x00000007aafd8500 at /HUDSON/workspace/7u-2-build-macosx-x86_64/jdk7u45/229/hotspot/src/share/vm/prims/jvm.cpp:1244
Event: 3.233 Thread 0x00007fd4c198d800 Threw 0x00000007aafdcfd8 at /HUDSON/workspace/7u-2-build-macosx-x86_64/jdk7u45/229/hotspot/src/share/vm/prims/jvm.cpp:1244
Event: 3.235 Thread 0x00007fd4c198d800 Threw 0x00000007aafe1a58 at /HUDSON/workspace/7u-2-build-macosx-x86_64/jdk7u45/229/hotspot/src/share/vm/prims/jvm.cpp:1244
Event: 3.236 Thread 0x00007fd4c198d800 Threw 0x00000007aafe6068 at /HUDSON/workspace/7u-2-build-macosx-x86_64/jdk7u45/229/hotspot/src/share/vm/prims/jvm.cpp:1244

Events (10 events):
Event: 3.231 loading class 0x0000000118f07040
Event: 3.231 loading class 0x0000000118f07040 done
Event: 3.232 loading class 0x00007fd4c0463090
Event: 3.232 loading class 0x00007fd4c0463090 done
Event: 3.233 loading class 0x00007fd4c0598e00
Event: 3.233 loading class 0x00007fd4c0598e00 done
Event: 3.235 loading class 0x00007fd4c0463100
Event: 3.235 loading class 0x00007fd4c0463100 done
Event: 3.236 loading class 0x00007fd4c061ab90
Event: 3.236 loading class 0x00007fd4c061ab90 done


Dynamic libraries:
0x000000000883b000 	/System/Library/Frameworks/Cocoa.framework/Versions/A/Cocoa
0x000000000883b000 	/System/Library/Frameworks/Security.framework/Versions/A/Security
0x000000000883b000 	/System/Library/Frameworks/ApplicationServices.framework/Versions/A/ApplicationServices
0x000000000883b000 	/usr/lib/libz.1.dylib
0x000000000883b000 	/usr/lib/libSystem.B.dylib
0x000000000883b000 	/usr/lib/libobjc.A.dylib
0x000000000883b000 	/System/Library/Frameworks/CoreFoundation.framework/Versions/A/CoreFoundation
0x000000000883b000 	/System/Library/Frameworks/Foundation.framework/Versions/C/Foundation
0x000000000883b000 	/System/Library/Frameworks/AppKit.framework/Versions/C/AppKit
0x000000000883b000 	/System/Library/Frameworks/CoreData.framework/Versions/A/CoreData
0x000000000883b000 	/System/Library/PrivateFrameworks/RemoteViewServices.framework/Versions/A/RemoteViewServices
0x000000000883b000 	/System/Library/PrivateFrameworks/UIFoundation.framework/Versions/A/UIFoundation
0x000000000883b000 	/usr/lib/libScreenReader.dylib
0x000000000883b000 	/System/Library/Frameworks/Accelerate.framework/Versions/A/Accelerate
0x000000000883b000 	/System/Library/Frameworks/IOSurface.framework/Versions/A/IOSurface
0x000000000883b000 	/System/Library/Frameworks/AudioToolbox.framework/Versions/A/AudioToolbox
0x000000000883b000 	/System/Library/Frameworks/AudioUnit.framework/Versions/A/AudioUnit
0x000000000883b000 	/System/Library/PrivateFrameworks/DataDetectorsCore.framework/Versions/A/DataDetectorsCore
0x000000000883b000 	/System/Library/PrivateFrameworks/DesktopServicesPriv.framework/Versions/A/DesktopServicesPriv
0x000000000883b000 	/System/Library/Frameworks/Carbon.framework/Versions/A/Frameworks/HIToolbox.framework/Versions/A/HIToolbox
0x000000000883b000 	/System/Library/Frameworks/QuartzCore.framework/Versions/A/QuartzCore
0x000000000883b000 	/System/Library/Frameworks/Carbon.framework/Versions/A/Frameworks/SpeechRecognition.framework/Versions/A/SpeechRecognition
0x000000000883b000 	/usr/lib/libauto.dylib
0x000000000883b000 	/usr/lib/libicucore.A.dylib
0x000000000883b000 	/usr/lib/libxml2.2.dylib
0x000000000883b000 	/System/Library/PrivateFrameworks/CoreUI.framework/Versions/A/CoreUI
0x000000000883b000 	/System/Library/Frameworks/CoreAudio.framework/Versions/A/CoreAudio
0x000000000883b000 	/System/Library/Frameworks/DiskArbitration.framework/Versions/A/DiskArbitration
0x000000000883b000 	/usr/lib/liblangid.dylib
0x000000000883b000 	/System/Library/PrivateFrameworks/MultitouchSupport.framework/Versions/A/MultitouchSupport
0x000000000883b000 	/System/Library/Frameworks/IOKit.framework/Versions/A/IOKit
0x000000000883b000 	/usr/lib/libDiagnosticMessagesClient.dylib
0x000000000883b000 	/System/Library/Frameworks/CoreServices.framework/Versions/A/CoreServices
0x000000000883b000 	/System/Library/PrivateFrameworks/PerformanceAnalysis.framework/Versions/A/PerformanceAnalysis
0x000000000883b000 	/System/Library/PrivateFrameworks/GenerationalStorage.framework/Versions/A/GenerationalStorage
0x000000000883b000 	/System/Library/Frameworks/OpenGL.framework/Versions/A/OpenGL
0x000000000883b000 	/System/Library/PrivateFrameworks/Sharing.framework/Versions/A/Sharing
0x000000000883b000 	/System/Library/Frameworks/CoreGraphics.framework/Versions/A/CoreGraphics
0x000000000883b000 	/System/Library/Frameworks/CoreImage.framework/Versions/A/CoreImage
0x000000000883b000 	/System/Library/Frameworks/CoreText.framework/Versions/A/CoreText
0x000000000883b000 	/System/Library/Frameworks/ImageIO.framework/Versions/A/ImageIO
0x000000000883b000 	/System/Library/PrivateFrameworks/Backup.framework/Versions/A/Backup
0x000000000883b000 	/usr/lib/libextension.dylib
0x000000000883b000 	/usr/lib/libarchive.2.dylib
0x000000000883b000 	/System/Library/Frameworks/CFNetwork.framework/Versions/A/CFNetwork
0x000000000883b000 	/System/Library/Frameworks/SystemConfiguration.framework/Versions/A/SystemConfiguration
0x000000000883b000 	/usr/lib/libCRFSuite.dylib
0x000000000883b000 	/usr/lib/libc++.1.dylib
0x000000000883b000 	/usr/lib/libc++abi.dylib
0x000000000883b000 	/usr/lib/system/libcache.dylib
0x000000000883b000 	/usr/lib/system/libcommonCrypto.dylib
0x000000000883b000 	/usr/lib/system/libcompiler_rt.dylib
0x000000000883b000 	/usr/lib/system/libcopyfile.dylib
0x000000000883b000 	/usr/lib/system/libcorecrypto.dylib
0x000000000883b000 	/usr/lib/system/libdispatch.dylib
0x000000000883b000 	/usr/lib/system/libdyld.dylib
0x000000000883b000 	/usr/lib/system/libkeymgr.dylib
0x000000000883b000 	/usr/lib/system/liblaunch.dylib
0x000000000883b000 	/usr/lib/system/libmacho.dylib
0x000000000883b000 	/usr/lib/system/libquarantine.dylib
0x000000000883b000 	/usr/lib/system/libremovefile.dylib
0x000000000883b000 	/usr/lib/system/libsystem_asl.dylib
0x000000000883b000 	/usr/lib/system/libsystem_blocks.dylib
0x000000000883b000 	/usr/lib/system/libsystem_c.dylib
0x000000000883b000 	/usr/lib/system/libsystem_configuration.dylib
0x000000000883b000 	/usr/lib/system/libsystem_coreservices.dylib
0x000000000883b000 	/usr/lib/system/libsystem_coretls.dylib
0x000000000883b000 	/usr/lib/system/libsystem_dnssd.dylib
0x000000000883b000 	/usr/lib/system/libsystem_info.dylib
0x000000000883b000 	/usr/lib/system/libsystem_kernel.dylib
0x000000000883b000 	/usr/lib/system/libsystem_m.dylib
0x000000000883b000 	/usr/lib/system/libsystem_malloc.dylib
0x000000000883b000 	/usr/lib/system/libsystem_network.dylib
0x000000000883b000 	/usr/lib/system/libsystem_networkextension.dylib
0x000000000883b000 	/usr/lib/system/libsystem_notify.dylib
0x000000000883b000 	/usr/lib/system/libsystem_platform.dylib
0x000000000883b000 	/usr/lib/system/libsystem_pthread.dylib
0x000000000883b000 	/usr/lib/system/libsystem_sandbox.dylib
0x000000000883b000 	/usr/lib/system/libsystem_secinit.dylib
0x000000000883b000 	/usr/lib/system/libsystem_trace.dylib
0x000000000883b000 	/usr/lib/system/libunc.dylib
0x000000000883b000 	/usr/lib/system/libunwind.dylib
0x000000000883b000 	/usr/lib/system/libxpc.dylib
0x000000000883b000 	/usr/lib/libenergytrace.dylib
0x000000000883b000 	/usr/lib/libbsm.0.dylib
0x000000000883b000 	/usr/lib/system/libkxld.dylib
0x000000000883b000 	/usr/lib/libxar.1.dylib
0x000000000883b000 	/usr/lib/libsqlite3.dylib
0x000000000883b000 	/usr/lib/libpam.2.dylib
0x000000000883b000 	/usr/lib/libOpenScriptingUtil.dylib
0x000000000883b000 	/usr/lib/libbz2.1.0.dylib
0x000000000883b000 	/usr/lib/liblzma.5.dylib
0x000000000883b000 	/System/Library/Frameworks/CoreServices.framework/Versions/A/Frameworks/FSEvents.framework/Versions/A/FSEvents
0x000000000883b000 	/System/Library/Frameworks/CoreServices.framework/Versions/A/Frameworks/CarbonCore.framework/Versions/A/CarbonCore
0x000000000883b000 	/System/Library/Frameworks/CoreServices.framework/Versions/A/Frameworks/Metadata.framework/Versions/A/Metadata
0x000000000883b000 	/System/Library/Frameworks/CoreServices.framework/Versions/A/Frameworks/OSServices.framework/Versions/A/OSServices
0x000000000883b000 	/System/Library/Frameworks/CoreServices.framework/Versions/A/Frameworks/SearchKit.framework/Versions/A/SearchKit
0x000000000883b000 	/System/Library/Frameworks/CoreServices.framework/Versions/A/Frameworks/AE.framework/Versions/A/AE
0x000000000883b000 	/System/Library/Frameworks/CoreServices.framework/Versions/A/Frameworks/LaunchServices.framework/Versions/A/LaunchServices
0x000000000883b000 	/System/Library/Frameworks/CoreServices.framework/Versions/A/Frameworks/DictionaryServices.framework/Versions/A/DictionaryServices
0x000000000883b000 	/System/Library/Frameworks/CoreServices.framework/Versions/A/Frameworks/SharedFileList.framework/Versions/A/SharedFileList
0x000000000883b000 	/System/Library/Frameworks/NetFS.framework/Versions/A/NetFS
0x000000000883b000 	/System/Library/PrivateFrameworks/NetAuth.framework/Versions/A/NetAuth
0x000000000883b000 	/System/Library/PrivateFrameworks/login.framework/Versions/A/Frameworks/loginsupport.framework/Versions/A/loginsupport
0x000000000883b000 	/System/Library/PrivateFrameworks/TCC.framework/Versions/A/TCC
0x000000000883b000 	/usr/lib/libmecabra.dylib
0x000000000883b000 	/System/Library/Frameworks/ApplicationServices.framework/Versions/A/Frameworks/ATS.framework/Versions/A/ATS
0x000000000883b000 	/System/Library/Frameworks/ApplicationServices.framework/Versions/A/Frameworks/ColorSync.framework/Versions/A/ColorSync
0x000000000883b000 	/System/Library/Frameworks/ApplicationServices.framework/Versions/A/Frameworks/HIServices.framework/Versions/A/HIServices
0x000000000883b000 	/System/Library/Frameworks/ApplicationServices.framework/Versions/A/Frameworks/LangAnalysis.framework/Versions/A/LangAnalysis
0x000000000883b000 	/System/Library/Frameworks/ApplicationServices.framework/Versions/A/Frameworks/PrintCore.framework/Versions/A/PrintCore
0x000000000883b000 	/System/Library/Frameworks/ApplicationServices.framework/Versions/A/Frameworks/QD.framework/Versions/A/QD
0x000000000883b000 	/System/Library/Frameworks/ApplicationServices.framework/Versions/A/Frameworks/SpeechSynthesis.framework/Versions/A/SpeechSynthesis
0x000000000883b000 	/System/Library/Frameworks/Metal.framework/Versions/A/Metal
0x000000000883b000 	/System/Library/Frameworks/Accelerate.framework/Versions/A/Frameworks/vImage.framework/Versions/A/vImage
0x000000000883b000 	/System/Library/Frameworks/Accelerate.framework/Versions/A/Frameworks/vecLib.framework/Versions/A/vecLib
0x000000000883b000 	/System/Library/Frameworks/Accelerate.framework/Versions/A/Frameworks/vecLib.framework/Versions/A/libvDSP.dylib
0x000000000883b000 	/System/Library/Frameworks/Accelerate.framework/Versions/A/Frameworks/vecLib.framework/Versions/A/libvMisc.dylib
0x000000000883b000 	/System/Library/Frameworks/Accelerate.framework/Versions/A/Frameworks/vecLib.framework/Versions/A/libLAPACK.dylib
0x000000000883b000 	/System/Library/Frameworks/Accelerate.framework/Versions/A/Frameworks/vecLib.framework/Versions/A/libBLAS.dylib
0x000000000883b000 	/System/Library/Frameworks/Accelerate.framework/Versions/A/Frameworks/vecLib.framework/Versions/A/libLinearAlgebra.dylib
0x000000000883b000 	/System/Library/Frameworks/Accelerate.framework/Versions/A/Frameworks/vecLib.framework/Versions/A/libSparseBLAS.dylib
0x000000000883b000 	/System/Library/PrivateFrameworks/GPUCompiler.framework/libmetal_timestamp.dylib
0x000000000883b000 	/System/Library/Frameworks/OpenGL.framework/Versions/A/Libraries/libCoreFSCache.dylib
0x000000000883b000 	/System/Library/PrivateFrameworks/IOAccelerator.framework/Versions/A/IOAccelerator
0x000000000883b000 	/System/Library/Frameworks/ApplicationServices.framework/Versions/A/Frameworks/ATS.framework/Versions/A/Resources/libFontParser.dylib
0x000000000883b000 	/System/Library/Frameworks/ApplicationServices.framework/Versions/A/Frameworks/ATS.framework/Versions/A/Resources/libFontRegistry.dylib
0x000000000883b000 	/System/Library/PrivateFrameworks/AppleVPA.framework/Versions/A/AppleVPA
0x000000000883b000 	/System/Library/PrivateFrameworks/AppleJPEG.framework/Versions/A/AppleJPEG
0x000000000883b000 	/System/Library/Frameworks/ImageIO.framework/Versions/A/Resources/libJPEG.dylib
0x000000000883b000 	/System/Library/Frameworks/ImageIO.framework/Versions/A/Resources/libTIFF.dylib
0x000000000883b000 	/System/Library/Frameworks/ImageIO.framework/Versions/A/Resources/libPng.dylib
0x000000000883b000 	/System/Library/Frameworks/ImageIO.framework/Versions/A/Resources/libGIF.dylib
0x000000000883b000 	/System/Library/Frameworks/ImageIO.framework/Versions/A/Resources/libJP2.dylib
0x000000000883b000 	/System/Library/Frameworks/ImageIO.framework/Versions/A/Resources/libRadiance.dylib
0x000000000883b000 	/System/Library/Frameworks/CoreVideo.framework/Versions/A/CoreVideo
0x000000000883b000 	/System/Library/Frameworks/OpenGL.framework/Versions/A/Libraries/libGLU.dylib
0x000000000883b000 	/System/Library/Frameworks/OpenGL.framework/Versions/A/Libraries/libGFXShared.dylib
0x000000000883b000 	/System/Library/Frameworks/OpenGL.framework/Versions/A/Libraries/libGL.dylib
0x000000000883b000 	/System/Library/Frameworks/OpenGL.framework/Versions/A/Libraries/libGLImage.dylib
0x000000000883b000 	/System/Library/Frameworks/OpenGL.framework/Versions/A/Libraries/libCVMSPluginSupport.dylib
0x000000000883b000 	/System/Library/Frameworks/OpenGL.framework/Versions/A/Libraries/libCoreVMClient.dylib
0x000000000883b000 	/usr/lib/libcups.2.dylib
0x000000000883b000 	/System/Library/Frameworks/Kerberos.framework/Versions/A/Kerberos
0x000000000883b000 	/System/Library/Frameworks/GSS.framework/Versions/A/GSS
0x000000000883b000 	/usr/lib/libresolv.9.dylib
0x000000000883b000 	/usr/lib/libiconv.2.dylib
0x000000000883b000 	/System/Library/PrivateFrameworks/Heimdal.framework/Versions/A/Heimdal
0x000000000883b000 	/usr/lib/libheimdal-asn1.dylib
0x000000000883b000 	/System/Library/Frameworks/OpenDirectory.framework/Versions/A/OpenDirectory
0x000000000883b000 	/System/Library/PrivateFrameworks/CommonAuth.framework/Versions/A/CommonAuth
0x000000000883b000 	/System/Library/Frameworks/OpenDirectory.framework/Versions/A/Frameworks/CFOpenDirectory.framework/Versions/A/CFOpenDirectory
0x000000000883b000 	/System/Library/Frameworks/SecurityFoundation.framework/Versions/A/SecurityFoundation
0x000000000883b000 	/System/Library/PrivateFrameworks/LanguageModeling.framework/Versions/A/LanguageModeling
0x000000000883b000 	/usr/lib/libmarisa.dylib
0x000000000883b000 	/usr/lib/libChineseTokenizer.dylib
0x000000000883b000 	/usr/lib/libcmph.dylib
0x000000000883b000 	/usr/lib/libcompression.dylib
0x000000000883b000 	/System/Library/Frameworks/ServiceManagement.framework/Versions/A/ServiceManagement
0x000000000883b000 	/usr/lib/libxslt.1.dylib
0x000000000883b000 	/System/Library/Frameworks/Carbon.framework/Versions/A/Frameworks/Ink.framework/Versions/A/Ink
0x000000000883b000 	/usr/lib/libFosl_dynamic.dylib
0x000000000883b000 	/System/Library/PrivateFrameworks/FaceCore.framework/Versions/A/FaceCore
0x000000000883b000 	/System/Library/Frameworks/OpenCL.framework/Versions/A/OpenCL
0x000000000883b000 	/System/Library/PrivateFrameworks/CrashReporterSupport.framework/Versions/A/CrashReporterSupport
0x000000000883b000 	/System/Library/PrivateFrameworks/IconServices.framework/Versions/A/IconServices
0x000000000883b000 	/System/Library/PrivateFrameworks/Apple80211.framework/Versions/A/Apple80211
0x000000000883b000 	/System/Library/Frameworks/CoreWLAN.framework/Versions/A/CoreWLAN
0x000000000883b000 	/System/Library/Frameworks/IOBluetooth.framework/Versions/A/IOBluetooth
0x000000000883b000 	/System/Library/PrivateFrameworks/CoreWiFi.framework/Versions/A/CoreWiFi
0x000000000883b000 	/System/Library/Frameworks/CoreBluetooth.framework/Versions/A/CoreBluetooth
0x000000000883b000 	/System/Library/PrivateFrameworks/ChunkingLibrary.framework/Versions/A/ChunkingLibrary
0x000000000883b000 	/System/Library/PrivateFrameworks/DebugSymbols.framework/Versions/A/DebugSymbols
0x000000000883b000 	/System/Library/PrivateFrameworks/CoreSymbolication.framework/Versions/A/CoreSymbolication
0x000000000883b000 	/System/Library/PrivateFrameworks/Symbolication.framework/Versions/A/Symbolication
0x000000000883b000 	/System/Library/PrivateFrameworks/SpeechRecognitionCore.framework/Versions/A/SpeechRecognitionCore
0x000000010bc00000 	/Library/Java/JavaVirtualMachines/jdk1.7.0_45.jdk/Contents/Home/jre/lib/server/libjvm.dylib
0x000000000883b000 	/usr/lib/libstdc++.6.dylib
0x000000010aabc000 	/Library/Java/JavaVirtualMachines/jdk1.7.0_45.jdk/Contents/Home/jre/lib/libverify.dylib
0x000000010aac9000 	/Library/Java/JavaVirtualMachines/jdk1.7.0_45.jdk/Contents/Home/jre/lib/libjava.dylib
0x000000010ab03000 	/Library/Java/JavaVirtualMachines/jdk1.7.0_45.jdk/Contents/Home/jre/lib/libzip.dylib
0x000000011ae13000 	/System/Library/Frameworks/JavaVM.framework/Frameworks/JavaRuntimeSupport.framework/JavaRuntimeSupport
0x000000011ae2e000 	/System/Library/Frameworks/JavaVM.framework/Versions/A/Frameworks/JavaNativeFoundation.framework/Versions/A/JavaNativeFoundation
0x000000011ae43000 	/System/Library/Frameworks/JavaVM.framework/Versions/A/JavaVM
0x000000000883b000 	/System/Library/Frameworks/Carbon.framework/Versions/A/Carbon
0x000000011ae50000 	/System/Library/PrivateFrameworks/JavaLaunching.framework/Versions/A/JavaLaunching
0x000000000883b000 	/System/Library/Frameworks/Carbon.framework/Versions/A/Frameworks/CommonPanels.framework/Versions/A/CommonPanels
0x000000000883b000 	/System/Library/Frameworks/Carbon.framework/Versions/A/Frameworks/Help.framework/Versions/A/Help
0x000000000883b000 	/System/Library/Frameworks/Carbon.framework/Versions/A/Frameworks/ImageCapture.framework/Versions/A/ImageCapture
0x000000000883b000 	/System/Library/Frameworks/Carbon.framework/Versions/A/Frameworks/OpenScripting.framework/Versions/A/OpenScripting
0x000000000883b000 	/System/Library/Frameworks/Carbon.framework/Versions/A/Frameworks/Print.framework/Versions/A/Print
0x000000000883b000 	/System/Library/Frameworks/Carbon.framework/Versions/A/Frameworks/SecurityHI.framework/Versions/A/SecurityHI
0x000000011c7aa000 	/Library/Java/JavaVirtualMachines/jdk1.7.0_45.jdk/Contents/Home/jre/lib/libawt.dylib
0x000000011c859000 	/Library/Java/JavaVirtualMachines/jdk1.7.0_45.jdk/Contents/Home/jre/lib/./libmlib_image.dylib
0x000000011c925000 	/Library/Java/JavaVirtualMachines/jdk1.7.0_45.jdk/Contents/Home/jre/lib/lwawt/liblwawt.dylib
0x000000011c9d9000 	/Library/Java/JavaVirtualMachines/jdk1.7.0_45.jdk/Contents/Home/jre/lib/libosxapp.dylib
0x000000000883b000 	/System/Library/Frameworks/ExceptionHandling.framework/Versions/A/ExceptionHandling
0x000000000883b000 	/System/Library/PrivateFrameworks/CoreServicesInternal.framework/Versions/A/CoreServicesInternal
0x000000000883b000 	/System/Library/Frameworks/CoreGraphics.framework/Versions/A/Resources/libRIP.A.dylib
0x000000000883b000 	/System/Library/Frameworks/Accelerate.framework/Versions/A/Frameworks/vImage.framework/Versions/A/Libraries/libCGInterfaces.dylib
0x000000000883b000 	/System/Library/Frameworks/CoreGraphics.framework/Versions/A/Resources/libCGXType.A.dylib
0x000000000883b000 	/System/Library/Frameworks/OpenCL.framework/Versions/A/Libraries/libcldcpuengine.dylib
0x000000000883b000 	/System/Library/PrivateFrameworks/DiskImages.framework/Versions/A/DiskImages
0x000000000883b000 	/System/Library/Frameworks/DiscRecording.framework/Versions/A/DiscRecording
0x000000000883b000 	/usr/lib/libcsfde.dylib
0x000000000883b000 	/usr/lib/libcurl.4.dylib
0x000000000883b000 	/System/Library/PrivateFrameworks/MediaKit.framework/Versions/A/MediaKit
0x000000000883b000 	/System/Library/PrivateFrameworks/ProtectedCloudStorage.framework/Versions/A/ProtectedCloudStorage
0x000000000883b000 	/usr/lib/libCoreStorage.dylib
0x000000000883b000 	/System/Library/PrivateFrameworks/EFILogin.framework/Versions/A/EFILogin
0x000000000883b000 	/usr/lib/libutil.dylib
0x000000000883b000 	/System/Library/PrivateFrameworks/FindMyDevice.framework/Versions/A/FindMyDevice
0x000000000883b000 	/System/Library/Frameworks/LDAP.framework/Versions/A/LDAP
0x000000000883b000 	/usr/lib/libsasl2.2.dylib
0x000000000883b000 	/System/Library/PrivateFrameworks/CoreDaemon.framework/Versions/B/CoreDaemon
0x000000000883b000 	/usr/lib/libcrypto.0.9.8.dylib
0x000000000883b000 	/System/Library/PrivateFrameworks/AppleSRP.framework/Versions/A/AppleSRP
0x000000000883b000 	/System/Library/PrivateFrameworks/TrustEvaluationAgent.framework/Versions/A/TrustEvaluationAgent
0x000000011e753000 	cl_kernels
0x000000000883b000 	/System/Library/Frameworks/OpenCL.framework/Versions/A/Libraries/ImageFormats/unorm8_bgra.dylib
0x000000000883b000 	/System/Library/Frameworks/OpenCL.framework/Versions/A/Libraries/ImageFormats/unorm8_rgba.dylib
0x000000000883b000 	/System/Library/PrivateFrameworks/FamilyControls.framework/Versions/A/FamilyControls
0x000000000883b000 	/System/Library/PrivateFrameworks/CommerceKit.framework/Versions/A/Frameworks/CommerceCore.framework/Versions/A/CommerceCore
0x000000000883b000 	/System/Library/PrivateFrameworks/SystemAdministration.framework/Versions/A/SystemAdministration
0x000000000883b000 	/System/Library/PrivateFrameworks/AppContainer.framework/Versions/A/AppContainer
0x000000000883b000 	/System/Library/PrivateFrameworks/SecCodeWrapper.framework/Versions/A/SecCodeWrapper
0x000000000883b000 	/System/Library/Frameworks/DirectoryService.framework/Versions/A/DirectoryService
0x000000000883b000 	/System/Library/PrivateFrameworks/LoginUIKit.framework/Versions/A/Frameworks/LoginUICore.framework/Versions/A/LoginUICore
0x000000000883b000 	/usr/lib/libodfde.dylib
0x000000011fb51000 	/Library/Java/JavaVirtualMachines/jdk1.7.0_45.jdk/Contents/Home/jre/lib/libfontmanager.dylib
0x000000011fbb5000 	/Users/lukibals/GitHub/code_5_grade/07_Slick_Template/macosx/liblwjgl.jnilib
0x000000011db53000 	/Library/Java/JavaVirtualMachines/jdk1.7.0_45.jdk/Contents/Home/jre/lib/libjawt.dylib
0x000000011fc34000 	/Library/Java/JavaVirtualMachines/jdk1.7.0_45.jdk/Contents/Home/jre/lib/libnio.dylib
0x000000011fc43000 	/Library/Java/JavaVirtualMachines/jdk1.7.0_45.jdk/Contents/Home/jre/lib/./libnet.dylib
0x000000000883b000 	/System/Library/Frameworks/OpenGL.framework/Versions/A/Resources/GLEngine.bundle/GLEngine
0x000000000883b000 	/System/Library/Frameworks/OpenGL.framework/Versions/A/Libraries/libGLProgrammability.dylib
0x000000011ff63000 	/System/Library/Extensions/AppleIntelHD4000GraphicsGLDriver.bundle/Contents/MacOS/AppleIntelHD4000GraphicsGLDriver
0x000000000883b000 	/System/Library/PrivateFrameworks/GPUSupport.framework/Versions/A/Libraries/libGPUSupportMercury.dylib
0x000000000883b000 	/System/Library/Extensions/GeForceGLDriver.bundle/Contents/MacOS/GeForceGLDriver
0x000000000883b000 	/System/Library/Extensions/GeForceGLDriver.bundle/Contents/MacOS/libclh.dylib
0x000000000883b000 	/System/Library/Frameworks/OpenGL.framework/Versions/A/Resources/GLRendererFloat.bundle/GLRendererFloat
0x0000000124b23000 	/System/Library/Extensions/GeForceMTLDriver.bundle/Contents/MacOS/GeForceMTLDriver
0x0000000124c57000 	/System/Library/Extensions/AppleIntelHD4000GraphicsMTLDriver.bundle/Contents/MacOS/AppleIntelHD4000GraphicsMTLDriver

VM Arguments:
jvm_args: -Djava.library.path=/Users/lukibals/GitHub/code_5_grade/07_Slick_Template/macosx -Dfile.encoding=US-ASCII 
java_command: org.newdawn.slick.tests.CanvasSizeTest
Launcher Type: SUN_STANDARD

Environment Variables:
PATH=/usr/bin:/bin:/usr/sbin:/sbin
SHELL=/bin/bash
DISPLAY=/private/tmp/com.apple.launchd.uA4BkStTJm/org.macosforge.xquartz:0

Signal Handlers:
SIGSEGV: [libjvm.dylib+0x525415], sa_mask[0]=0xfffefeff, sa_flags=0x00000043
SIGBUS: [libjvm.dylib+0x525415], sa_mask[0]=0xfffefeff, sa_flags=0x00000042
SIGFPE: [libjvm.dylib+0x41891a], sa_mask[0]=0xfffefeff, sa_flags=0x00000042
SIGPIPE: [libjvm.dylib+0x41891a], sa_mask[0]=0xfffefeff, sa_flags=0x00000042
SIGXFSZ: [libjvm.dylib+0x41891a], sa_mask[0]=0xfffefeff, sa_flags=0x00000042
SIGILL: [libjvm.dylib+0x41891a], sa_mask[0]=0xfffefeff, sa_flags=0x00000042
SIGUSR1: SIG_DFL, sa_mask[0]=0x00000000, sa_flags=0x00000000
SIGUSR2: [libjvm.dylib+0x41840c], sa_mask[0]=0x00000004, sa_flags=0x00000042
SIGHUP: [libjvm.dylib+0x41669b], sa_mask[0]=0xfffefeff, sa_flags=0x00000042
SIGINT: [libjvm.dylib+0x41669b], sa_mask[0]=0xfffefeff, sa_flags=0x00000042
SIGTERM: [libjvm.dylib+0x41669b], sa_mask[0]=0xfffefeff, sa_flags=0x00000042
SIGQUIT: [libjvm.dylib+0x41669b], sa_mask[0]=0xfffefeff, sa_flags=0x00000042


---------------  S Y S T E M  ---------------

OS:Bsduname:Darwin 15.4.0 Darwin Kernel Version 15.4.0: Fri Feb 26 22:08:05 PST 2016; root:xnu-3248.40.184~3/RELEASE_X86_64 x86_64
rlimit: STACK 8192k, CORE 0k, NPROC 709, NOFILE 10240, AS infinity
load average:1.91 1.48 1.43

CPU:total 8 (4 cores per cpu, 2 threads per core) family 6 model 58 stepping 9, cmov, cx8, fxsr, mmx, sse, sse2, sse3, ssse3, sse4.1, sse4.2, popcnt, avx, aes, erms, ht, tsc, tscinvbit, tscinv

Memory: 4k page, physical 16777216k(4194304k free)

/proc/meminfo:


vm_info: Java HotSpot(TM) 64-Bit Server VM (24.45-b08) for bsd-amd64 JRE (1.7.0_45-b18), built on Oct  8 2013 05:54:16 by "java_re" with gcc 4.2.1 (Based on Apple Inc. build 5658) (LLVM build 2336.11.00)

time: Fri Apr 15 10:35:50 2016
elapsed time: 3 seconds

